[{"result": "SUCCESS", "retry": false, "parentJobName": "9.0.swarm.runner", "url": "job/9.0.system_test.ubuntu.reduced_footprint/163/", "parentBuildNumber": 160, "description": "reduced_footprint on 9.0-mos-567", "jobName": "9.0.system_test.ubuntu.reduced_footprint", "buildNumber": 163, "test_data": {"testsuite": {"@name": "nosetests", "@tests": "7", "@errors": "0", "@failures": "0", "@skip": "0", "testcase": [{"@classname": "setup_master", "@name": "setup_master", "@time": "1214.056"}, {"@classname": "prepare_release", "@name": "prepare_release", "@time": "74.572"}, {"@classname": "prepare_slaves_1", "@name": "prepare_slaves_1", "@time": "142.255"}, {"@classname": "spawn_one_vm_on_one_virt_node", "@name": "spawn_one_vm_on_one_virt_node", "@time": "1318.448"}, {"@classname": "spawn_two_vms_on_one_virt_node", "@name": "spawn_two_vms_on_one_virt_node", "@time": "1236.082"}, {"@classname": "prepare_slaves_3", "@name": "prepare_slaves_3", "@time": "226.806"}, {"@classname": "spawn_three_vms_across_three_virt_nodes", "@name": "spawn_three_vms_across_three_virt_nodes", "@time": "1297.876"}]}, "job_url": "https://product-ci.infra.mirantis.net/job/9.0.system_test.ubuntu.reduced_footprint/163/", "job_status": "SUCCESS", "build_number": 163, "job_name": "9.0.system_test.ubuntu.reduced_footprint", "job_description": "reduced_footprint on 9.0-mos-567"}, "abort": false, "phaseName": "Run system tests", "duration": "2 hr 0 min", "failure_reasons": [], "icon": "blue.png"}, {"result": "SUCCESS", "retry": false, "parentJobName": "9.0.swarm.runner", "url": "job/9.0.system_test.ubuntu.thread_1/161/", "parentBuildNumber": 160, "description": "thread_1 on 9.0-mos-567", "jobName": "9.0.system_test.ubuntu.thread_1", "buildNumber": 161, "test_data": {"testsuite": {"@name": "nosetests", "@tests": "12", "@errors": "0", "@failures": "0", "@skip": "0", "testcase": [{"@classname": "setup_master", "@name": "setup_master", "@time": "1456.644"}, {"@classname": "prepare_release", "@name": "prepare_release", "@time": "84.397"}, {"@classname": "prepare_slaves_3", "@name": "prepare_slaves_3", "@time": "246.795"}, {"@classname": "deploy_neutron_vlan", "@name": "deploy_neutron_vlan", "@time": "3702.521"}, {"@classname": "deploy_neutron_ip_v6", "@name": "deploy_neutron_ip_v6", "@time": "361.813"}, {"@classname": "deploy_node_multiple_interfaces", "@name": "deploy_node_multiple_interfaces", "@time": "3257.446"}, {"@classname": "check_nodes_disks", "@name": "check_nodes_disks", "@time": "258.182"}, {"@classname": "check_nodes_notifications", "@name": "check_nodes_notifications", "@time": "191.371"}, {"@classname": "ha_one_controller_neutron_warm_restart", "@name": "ha_one_controller_neutron_warm_restart", "@time": "4777.017"}, {"@classname": "multinic_bootstrap_booting", "@name": "multinic_bootstrap_booting", "@time": "106.530"}, {"@classname": "test_astuted_alive", "@name": "test_astuted_alive", "@time": "86.057"}, {"@classname": "test_cobbler_alive", "@name": "test_cobbler_alive", "@time": "90.166"}]}, "job_url": "https://product-ci.infra.mirantis.net/job/9.0.system_test.ubuntu.thread_1/161/", "job_status": "SUCCESS", "build_number": 161, "job_name": "9.0.system_test.ubuntu.thread_1", "job_description": "thread_1 on 9.0-mos-567"}, "abort": false, "phaseName": "Run system tests", "duration": "4 hr 21 min", "failure_reasons": [], "icon": "blue.png"}, {"result": "FAILURE", "retry": false, "parentJobName": "9.0.swarm.runner", "url": "job/9.0.system_test.ubuntu.services_reconfiguration_thread_1/154/", "parentBuildNumber": 160, "description": "services_reconfiguration_thread_1 on 9.0-mos-567", "jobName": "9.0.system_test.ubuntu.services_reconfiguration_thread_1", "buildNumber": 154, "test_data": {"testsuite": {"@name": "nosetests", "@tests": "12", "@errors": "1", "@failures": "0", "@skip": "0", "testcase": [{"@classname": "setup_master", "@name": "setup_master", "@time": "1464.929"}, {"@classname": "prepare_release", "@name": "prepare_release", "@time": "117.755"}, {"@classname": "prepare_slaves_5", "@name": "prepare_slaves_5", "@time": "332.781"}, {"@classname": "basic_env_for_reconfiguration", "@name": "basic_env_for_reconfiguration", "@time": "3947.031"}, {"@classname": "reconfigure_keystone_to_use_ldap", "@name": "reconfigure_keystone_to_use_ldap", "@time": "1148.250", "error": {"@type": "exceptions.Exception", "@message": "New configuration was not applied", "#text": "Traceback (most recent call last):\n  File \"/usr/lib/python2.7/unittest/case.py\", line 331, in run\n    testMethod()\n  File \"/usr/lib/python2.7/unittest/case.py\", line 1043, in runTest\n    self._testFunc()\n  File \"/home/jenkins/venv-nailgun-tests-2.9/local/lib/python2.7/site-packages/proboscis/case.py\", line 296, in testng_method_mistake_capture_func\n    compatability.capture_type_error(s_func)\n  File \"/home/jenkins/venv-nailgun-tests-2.9/local/lib/python2.7/site-packages/proboscis/compatability/exceptions_2_6.py\", line 27, in capture_type_error\n    func()\n  File \"/home/jenkins/venv-nailgun-tests-2.9/local/lib/python2.7/site-packages/proboscis/case.py\", line 350, in func\n    func(test_case.state.get_state())\n  File \"/home/jenkins/workspace/9.0.system_test.ubuntu.services_reconfiguration_thread_1/fuelweb_test/helpers/decorators.py\", line 120, in wrapper\n    result = func(*args, **kwargs)\n  File \"/home/jenkins/workspace/9.0.system_test.ubuntu.services_reconfiguration_thread_1/fuelweb_test/tests/test_services_reconfiguration.py\", line 552, in reconfigure_keystone_to_use_ldap\n    raise Exception(\"New configuration was not applied\")\nException: New configuration was not applied"}}, {"@classname": "reconfigure_ml2_vlan_range", "@name": "reconfigure_ml2_vlan_range", "@time": "769.046"}, {"@classname": "preservation_config_after_reset_and_preconfigured_deploy", "@name": "preservation_config_after_reset_and_preconfigured_deploy", "@time": "3750.788"}, {"@classname": "reconfigure_overcommit_ratio", "@name": "reconfigure_overcommit_ratio", "@time": "1281.882"}, {"@classname": "reconfigure_nova_ephemeral_disk", "@name": "reconfigure_nova_ephemeral_disk", "@time": "625.303"}, {"@classname": "reconfiguration_scalability", "@name": "reconfiguration_scalability", "@time": "5065.171"}, {"@classname": "apply_config_for_node_with_multiple_role", "@name": "apply_config_for_node_with_multiple_role", "@time": "623.007"}, {"@classname": "multiple_apply_config", "@name": "multiple_apply_config", "@time": "717.305"}]}, "job_url": "https://product-ci.infra.mirantis.net/job/9.0.system_test.ubuntu.services_reconfiguration_thread_1/154/", "job_status": "FAILURE", "build_number": 154, "job_name": "9.0.system_test.ubuntu.services_reconfiguration_thread_1", "job_description": "services_reconfiguration_thread_1 on 9.0-mos-567"}, "abort": false, "phaseName": "Run system tests", "duration": "5 hr 48 min", "failure_reasons": [{"job_status": "FAILURE", "failure": "error___type___exceptions.Exception___message___New configuration was not applied", "job_url": "https://product-ci.infra.mirantis.net/job/9.0.system_test.ubuntu.services_reconfiguration_thread_1/154/", "build_number": 154, "test": "reconfigure_keystone_to_use_ldap", "test_fail_url": "https://product-ci.infra.mirantis.net/job/9.0.system_test.ubuntu.services_reconfiguration_thread_1/154/testReport/(root)/reconfigure_keystone_to_use_ldap/reconfigure_keystone_to_use_ldap", "failure_origin": "error___type___exceptions.Exception___message___New configuration was not applied", "job_name": "9.0.system_test.ubuntu.services_reconfiguration_thread_1"}], "icon": "red.png"}, {"result": "SUCCESS", "retry": false, "parentJobName": "9.0.swarm.runner", "url": "job/9.0.system_test.ubuntu.plugins.thread_keystone_separate_services/163/", "parentBuildNumber": 160, "description": "thread_keystone_separate_services on 9.0-mos", "jobName": "9.0.system_test.ubuntu.plugins.thread_keystone_separate_services", "buildNumber": 163, "test_data": {"testsuite": {"@name": "nosetests", "@tests": "8", "@errors": "0", "@failures": "0", "@skip": "0", "testcase": [{"@classname": "setup_master", "@name": "setup_master", "@time": "1087.893"}, {"@classname": "prepare_release", "@name": "prepare_release", "@time": "67.737"}, {"@classname": "prepare_slaves_9", "@name": "prepare_slaves_9", "@time": "368.726"}, {"@classname": "separate_keystone_service", "@name": "separate_keystone_service", "@time": "4232.919"}, {"@classname": "separate_keystone_service_add_delete_node", "@name": "separate_keystone_service_add_delete_node", "@time": "3121.857"}, {"@classname": "separate_keystone_service_controller_shutdown", "@name": "separate_keystone_service_controller_shutdown", "@time": "1243.116"}, {"@classname": "separate_keystone_service_restart", "@name": "separate_keystone_service_restart", "@time": "1175.516"}, {"@classname": "separate_keystone_service_shutdown", "@name": "separate_keystone_service_shutdown", "@time": "1109.153"}]}, "job_url": "https://product-ci.infra.mirantis.net/job/9.0.system_test.ubuntu.plugins.thread_keystone_separate_services/163/", "job_status": "SUCCESS", "build_number": 163, "job_name": "9.0.system_test.ubuntu.plugins.thread_keystone_separate_services", "job_description": "thread_keystone_separate_services on 9.0-mos"}, "abort": false, "phaseName": "Run system tests", "duration": "3 hr 56 min", "failure_reasons": [], "icon": "blue.png"}, {"result": "SUCCESS", "retry": false, "parentJobName": "9.0.swarm.runner", "url": "job/9.0.system_test.ubuntu.services_ha/160/", "parentBuildNumber": 160, "description": "services_ha on 9.0-mos-567", "jobName": "9.0.system_test.ubuntu.services_ha", "buildNumber": 160, "test_data": {"testsuite": {"@name": "nosetests", "@tests": "6", "@errors": "0", "@failures": "0", "@skip": "0", "testcase": [{"@classname": "setup_master", "@name": "setup_master", "@time": "1471.403"}, {"@classname": "prepare_release", "@name": "prepare_release", "@time": "81.926"}, {"@classname": "prepare_slaves_5", "@name": "prepare_slaves_5", "@time": "265.448"}, {"@classname": "deploy_sahara_ha_tun", "@name": "deploy_sahara_ha_tun", "@time": "4916.509"}, {"@classname": "deploy_murano_ha_with_tun", "@name": "deploy_murano_ha_with_tun", "@time": "3619.925"}, {"@classname": "deploy_heat_ha", "@name": "deploy_heat_ha", "@time": "5150.764"}]}, "job_url": "https://product-ci.infra.mirantis.net/job/9.0.system_test.ubuntu.services_ha/160/", "job_status": "SUCCESS", "build_number": 160, "job_name": "9.0.system_test.ubuntu.services_ha", "job_description": "services_ha on 9.0-mos-567"}, "abort": false, "phaseName": "Run system tests", "duration": "4 hr 40 min", "failure_reasons": [], "icon": "blue.png"}, {"result": "SUCCESS", "retry": false, "parentJobName": "9.0.swarm.runner", "url": "job/9.0.system_test.ubuntu.bonding_ha_one_controller/160/", "parentBuildNumber": 160, "description": "bonding_ha_one_controller on 9.0-mos-567", "jobName": "9.0.system_test.ubuntu.bonding_ha_one_controller", "buildNumber": 160, "test_data": {"testsuite": {"@name": "nosetests", "@tests": "8", "@errors": "0", "@failures": "0", "@skip": "0", "testcase": [{"@classname": "setup_master", "@name": "setup_master", "@time": "1540.580"}, {"@classname": "prepare_release", "@name": "prepare_release", "@time": "98.981"}, {"@classname": "prepare_slaves_3", "@name": "prepare_slaves_3", "@time": "246.926"}, {"@classname": "offloading_bond_neutron_vlan", "@name": "offloading_bond_neutron_vlan", "@time": "3962.125"}, {"@classname": "offloading_bond_neutron_vxlan", "@name": "offloading_bond_neutron_vxlan", "@time": "4010.231"}, {"@classname": "deploy_bonding_one_controller_tun", "@name": "deploy_bonding_one_controller_tun", "@time": "3903.707"}, {"@classname": "deploy_bonding_one_controller_vlan", "@name": "deploy_bonding_one_controller_vlan", "@time": "3545.918"}, {"@classname": "negative_admin_bonding_in_lacp_mode", "@name": "negative_admin_bonding_in_lacp_mode", "@time": "187.113"}]}, "job_url": "https://product-ci.infra.mirantis.net/job/9.0.system_test.ubuntu.bonding_ha_one_controller/160/", "job_status": "SUCCESS", "build_number": 160, "job_name": "9.0.system_test.ubuntu.bonding_ha_one_controller", "job_description": "bonding_ha_one_controller on 9.0-mos-567"}, "abort": false, "phaseName": "Run system tests", "duration": "5 hr 13 min", "failure_reasons": [], "icon": "blue.png"}, {"result": "SUCCESS", "retry": false, "parentJobName": "9.0.swarm.runner", "url": "job/9.0.system_test.ubuntu.huge_ha_neutron/160/", "parentBuildNumber": 160, "description": "huge_ha_neutron on 9.0-mos-567", "jobName": "9.0.system_test.ubuntu.huge_ha_neutron", "buildNumber": 160, "test_data": {"testsuite": {"@name": "nosetests", "@tests": "5", "@errors": "0", "@failures": "0", "@skip": "0", "testcase": [{"@classname": "setup_master", "@name": "setup_master", "@time": "1649.692"}, {"@classname": "prepare_release", "@name": "prepare_release", "@time": "92.156"}, {"@classname": "prepare_slaves_9", "@name": "prepare_slaves_9", "@time": "448.668"}, {"@classname": "huge_ha_neutron_tun_ceph_ceilometer_rados", "@name": "huge_ha_neutron_tun_ceph_ceilometer_rados", "@time": "6117.902"}, {"@classname": "huge_ha_neutron_vlan_ceph_ceilometer_rados", "@name": "huge_ha_neutron_vlan_ceph_ceilometer_rados", "@time": "5144.754"}]}, "job_url": "https://product-ci.infra.mirantis.net/job/9.0.system_test.ubuntu.huge_ha_neutron/160/", "job_status": "SUCCESS", "build_number": 160, "job_name": "9.0.system_test.ubuntu.huge_ha_neutron", "job_description": "huge_ha_neutron on 9.0-mos-567"}, "abort": false, "phaseName": "Run system tests", "duration": "4 hr 15 min", "failure_reasons": [], "icon": "blue.png"}, {"result": "SUCCESS", "retry": false, "parentJobName": "9.0.swarm.runner", "url": "job/9.0.system_test.ubuntu.ol/41/", "parentBuildNumber": 160, "description": "ol on 9.0-mos-567", "jobName": "9.0.system_test.ubuntu.ol", "buildNumber": 41, "test_data": {"testsuite": {"@name": "nosetests", "@tests": "4", "@errors": "0", "@failures": "0", "@skip": "0", "testcase": [{"@classname": "setup_master", "@name": "setup_master", "@time": "1649.972"}, {"@classname": "prepare_release", "@name": "prepare_release", "@time": "91.951"}, {"@classname": "prepare_slaves_3", "@name": "prepare_slaves_3", "@time": "253.260"}, {"@classname": "deploy_ol_compute_ha_one_controller_tun", "@name": "deploy_ol_compute_ha_one_controller_tun", "@time": "5078.864"}]}, "job_url": "https://product-ci.infra.mirantis.net/job/9.0.system_test.ubuntu.ol/41/", "job_status": "SUCCESS", "build_number": 41, "job_name": "9.0.system_test.ubuntu.ol", "job_description": "ol on 9.0-mos-567"}, "abort": false, "phaseName": "Run system tests", "duration": "2 hr 19 min", "failure_reasons": [], "icon": "blue.png"}, {"result": "SUCCESS", "retry": false, "parentJobName": "9.0.swarm.runner", "url": "job/9.0.system_test.ubuntu.fuel_plugin_vip_reservation/162/", "parentBuildNumber": 160, "description": "fuel_plugin_vip_reservation on 9.0-mos-567", "jobName": "9.0.system_test.ubuntu.fuel_plugin_vip_reservation", "buildNumber": 162, "test_data": {"testsuite": {"@name": "nosetests", "@tests": "6", "@errors": "0", "@failures": "0", "@skip": "0", "testcase": [{"@classname": "setup_master", "@name": "setup_master", "@time": "1442.198"}, {"@classname": "prepare_release", "@name": "prepare_release", "@time": "80.761"}, {"@classname": "prepare_slaves_3", "@name": "prepare_slaves_3", "@time": "229.667"}, {"@classname": "vip_reservation_for_plugin", "@name": "vip_reservation_for_plugin", "@time": "3272.321"}, {"@classname": "vip_reservation_for_plugin_custom_ns", "@name": "vip_reservation_for_plugin_custom_ns", "@time": "3261.860"}, {"@classname": "vip_reservation_for_plugin_haproxy_ns", "@name": "vip_reservation_for_plugin_haproxy_ns", "@time": "3281.746"}]}, "job_url": "https://product-ci.infra.mirantis.net/job/9.0.system_test.ubuntu.fuel_plugin_vip_reservation/162/", "job_status": "SUCCESS", "build_number": 162, "job_name": "9.0.system_test.ubuntu.fuel_plugin_vip_reservation", "job_description": "fuel_plugin_vip_reservation on 9.0-mos-567"}, "abort": false, "phaseName": "Run system tests", "duration": "3 hr 29 min", "failure_reasons": [], "icon": "blue.png"}, {"result": "FAILURE", "retry": false, "parentJobName": "9.0.swarm.runner", "url": "job/9.0.system_test.ubuntu.filling_root/160/", "parentBuildNumber": 160, "description": "filling_root on 9.0-mos-567", "jobName": "9.0.system_test.ubuntu.filling_root", "buildNumber": 160, "test_data": {"testsuite": {"@name": "nosetests", "@tests": "23", "@errors": "1", "@failures": "0", "@skip": "1", "testcase": [{"@classname": "Case_FillRootPrimaryController__Config_ceph_all_on_neutron_vlan", "@name": "StartCase", "@time": "0.040"}, {"@classname": "Case_FillRootPrimaryController__Config_ceph_all_on_neutron_vlan", "@name": "Step000_setup_master", "@time": "1616.081"}, {"@classname": "Case_FillRootPrimaryController__Config_ceph_all_on_neutron_vlan", "@name": "Step001_config_release", "@time": "62.500"}, {"@classname": "Case_FillRootPrimaryController__Config_ceph_all_on_neutron_vlan", "@name": "Step002_make_slaves", "@time": "239.814"}, {"@classname": "Case_FillRootPrimaryController__Config_ceph_all_on_neutron_vlan", "@name": "Step003_revert_slaves", "@time": "217.456"}, {"@classname": "Case_FillRootPrimaryController__Config_ceph_all_on_neutron_vlan", "@name": "Step004_create_env", "@time": "9.030"}, {"@classname": "Case_FillRootPrimaryController__Config_ceph_all_on_neutron_vlan", "@name": "Step005_add_nodes", "@time": "4.400"}, {"@classname": "Case_FillRootPrimaryController__Config_ceph_all_on_neutron_vlan", "@name": "Step006_network_check", "@time": "61.063"}, {"@classname": "Case_FillRootPrimaryController__Config_ceph_all_on_neutron_vlan", "@name": "Step007_deploy_cluster", "@time": "3509.274"}, {"@classname": "Case_FillRootPrimaryController__Config_ceph_all_on_neutron_vlan", "@name": "Step008_network_check", "@time": "60.955"}, {"@classname": "Case_FillRootPrimaryController__Config_ceph_all_on_neutron_vlan", "@name": "Step009_health_check", "@time": "439.472"}, {"@classname": "Case_FillRootPrimaryController__Config_ceph_all_on_neutron_vlan", "@name": "Step010_save_load_environment", "@time": "189.926"}, {"@classname": "Case_FillRootPrimaryController__Config_ceph_all_on_neutron_vlan", "@name": "Step011_get_pcs_initial_state", "@time": "5.665"}, {"@classname": "Case_FillRootPrimaryController__Config_ceph_all_on_neutron_vlan", "@name": "Step012_fill_root_above_rabbit_disk_free_limit", "@time": "0.604"}, {"@classname": "Case_FillRootPrimaryController__Config_ceph_all_on_neutron_vlan", "@name": "Step013_check_stopping_resources", "@time": "602.207"}, {"@classname": "Case_FillRootPrimaryController__Config_ceph_all_on_neutron_vlan", "@name": "Step014_health_check", "@time": "409.230"}, {"@classname": "Case_FillRootPrimaryController__Config_ceph_all_on_neutron_vlan", "@name": "Step015_fill_root_below_rabbit_disk_free_limit", "@time": "0.819"}, {"@classname": "Case_FillRootPrimaryController__Config_ceph_all_on_neutron_vlan", "@name": "Step016_check_stopping_resources", "@time": "601.978"}, {"@classname": "Case_FillRootPrimaryController__Config_ceph_all_on_neutron_vlan", "@name": "Step017_health_check", "@time": "434.284"}, {"@classname": "Case_FillRootPrimaryController__Config_ceph_all_on_neutron_vlan", "@name": "Step018_clean_up_space_on_root", "@time": "2.270"}, {"@classname": "Case_FillRootPrimaryController__Config_ceph_all_on_neutron_vlan", "@name": "Step019_check_starting_resources", "@time": "1186.784", "error": {"@type": "devops.error.TimeoutError", "@message": "Waiting timed out", "#text": "Traceback (most recent call last):\n  File \"/usr/lib/python2.7/unittest/case.py\", line 331, in run\n    testMethod()\n  File \"/usr/lib/python2.7/unittest/case.py\", line 1043, in runTest\n    self._testFunc()\n  File \"/home/jenkins/venv-nailgun-tests-2.9/local/lib/python2.7/site-packages/proboscis/case.py\", line 296, in testng_method_mistake_capture_func\n    compatability.capture_type_error(s_func)\n  File \"/home/jenkins/venv-nailgun-tests-2.9/local/lib/python2.7/site-packages/proboscis/compatability/exceptions_2_6.py\", line 27, in capture_type_error\n    func()\n  File \"/home/jenkins/venv-nailgun-tests-2.9/local/lib/python2.7/site-packages/proboscis/case.py\", line 350, in func\n    func(test_case.state.get_state())\n  File \"/home/jenkins/workspace/9.0.system_test.ubuntu.filling_root/system_test/core/factory.py\", line 37, in wrapper\n    result = func(*args, **kwargs)\n  File \"/home/jenkins/workspace/9.0.system_test.ubuntu.filling_root/system_test/helpers/decorators.py\", line 40, in wrapper\n    result = func(*args, **kwargs)\n  File \"/home/jenkins/workspace/9.0.system_test.ubuntu.filling_root/system_test/actions/strength_actions.py\", line 376, in check_starting_resources\n    self.pcs_check_timeout)\n  File \"/home/jenkins/venv-nailgun-tests-2.9/local/lib/python2.7/site-packages/devops/helpers/helpers.py\", line 100, in wait\n    raise TimeoutError(timeout_msg)\nTimeoutError: Waiting timed out"}}, {"@classname": "Case_FillRootPrimaryController__Config_ceph_all_on_neutron_vlan", "@name": "Step020_health_check_sanity_smoke_ha", "@time": "0.000", "skipped": {"@type": "unittest.case.SkipTest", "@message": "Failure in <function Case_FillRootPrimaryController__Config_ceph_all_on_neutron_vlan.Step019_check_starting_resources at 0x7fb28db3c1b8>", "#text": "SkipTest: Failure in <function Case_FillRootPrimaryController__Config_ceph_all_on_neutron_vlan.Step019_check_starting_resources at 0x7fb28db3c1b8>"}}, {"@classname": "Case_FillRootPrimaryController__Config_ceph_all_on_neutron_vlan", "@name": "FinishCase", "@time": "0.000"}]}, "job_url": "https://product-ci.infra.mirantis.net/job/9.0.system_test.ubuntu.filling_root/160/", "job_status": "FAILURE", "build_number": 160, "job_name": "9.0.system_test.ubuntu.filling_root", "job_description": "filling_root on 9.0-mos-567"}, "abort": false, "phaseName": "Run system tests", "duration": "2 hr 50 min", "failure_reasons": [{"job_status": "FAILURE", "failure": "error___type___devops.error.TimeoutError___message___Waiting timed out", "job_url": "https://product-ci.infra.mirantis.net/job/9.0.system_test.ubuntu.filling_root/160/", "build_number": 160, "test": "Case_FillRootPrimaryController__Config_ceph_all_on_neutron_vlan", "test_fail_url": "https://product-ci.infra.mirantis.net/job/9.0.system_test.ubuntu.filling_root/160/testReport/(root)/Case_FillRootPrimaryController__Config_ceph_all_on_neutron_vlan/Step019_check_starting_resources", "failure_origin": "error___type___devops.error.TimeoutError___message___Waiting timed out", "job_name": "9.0.system_test.ubuntu.filling_root"}, {"job_status": "FAILURE", "failure": "skipped___type___unittest.case.SkipTest___message___Failure in <function Case_FillRootPrimaryController__Config_ceph_all_on_neutron_vlan.Step019_check_starting_resources at 0x7fb28db3c1b8>", "job_url": "https://product-ci.infra.mirantis.net/job/9.0.system_test.ubuntu.filling_root/160/", "build_number": 160, "test": "Case_FillRootPrimaryController__Config_ceph_all_on_neutron_vlan", "test_fail_url": "https://product-ci.infra.mirantis.net/job/9.0.system_test.ubuntu.filling_root/160/testReport/(root)/Case_FillRootPrimaryController__Config_ceph_all_on_neutron_vlan/Step020_health_check_sanity_smoke_ha", "failure_origin": "skipped___type___unittest.case.SkipTest___message___Failure in <function Case_FillRootPrimaryController__Config_ceph_all_on_neutron_vlan.Step019_check_starting_resources at 0x7fb28db3c1b8>", "job_name": "9.0.system_test.ubuntu.filling_root"}], "icon": "red.png"}, {"result": "SUCCESS", "retry": false, "parentJobName": "9.0.swarm.runner", "url": "job/9.0.system_test.ubuntu.cluster_actions_ha/164/", "parentBuildNumber": 160, "description": "cluster_actions_ha on 9.0-mos-567", "jobName": "9.0.system_test.ubuntu.cluster_actions_ha", "buildNumber": 164, "test_data": {"testsuite": {"@name": "nosetests", "@tests": "4", "@errors": "0", "@failures": "0", "@skip": "0", "testcase": [{"@classname": "setup_master", "@name": "setup_master", "@time": "1221.174"}, {"@classname": "prepare_release", "@name": "prepare_release", "@time": "73.447"}, {"@classname": "prepare_slaves_5", "@name": "prepare_slaves_5", "@time": "232.561"}, {"@classname": "deploy_stop_reset_on_ha", "@name": "deploy_stop_reset_on_ha", "@time": "3866.513"}]}, "job_url": "https://product-ci.infra.mirantis.net/job/9.0.system_test.ubuntu.cluster_actions_ha/164/", "job_status": "SUCCESS", "build_number": 164, "job_name": "9.0.system_test.ubuntu.cluster_actions_ha", "job_description": "cluster_actions_ha on 9.0-mos-567"}, "abort": false, "phaseName": "Run system tests", "duration": "1 hr 59 min", "failure_reasons": [], "icon": "blue.png"}, {"result": "SUCCESS", "retry": false, "parentJobName": "9.0.swarm.runner", "url": "job/9.0.system_test.ubuntu.plugins.thread_separate_haproxy/30/", "parentBuildNumber": 160, "description": "thread_separate_haproxy on 9.0-mos", "jobName": "9.0.system_test.ubuntu.plugins.thread_separate_haproxy", "buildNumber": 30, "test_data": {"testsuite": {"@name": "nosetests", "@tests": "3", "@errors": "0", "@failures": "0", "@skip": "0", "testcase": [{"@classname": "setup_master", "@name": "setup_master", "@time": "1303.761"}, {"@classname": "prepare_release", "@name": "prepare_release", "@time": "68.274"}, {"@classname": "separate_haproxy", "@name": "separate_haproxy", "@time": "4041.287"}]}, "job_url": "https://product-ci.infra.mirantis.net/job/9.0.system_test.ubuntu.plugins.thread_separate_haproxy/30/", "job_status": "SUCCESS", "build_number": 30, "job_name": "9.0.system_test.ubuntu.plugins.thread_separate_haproxy", "job_description": "thread_separate_haproxy on 9.0-mos"}, "abort": false, "phaseName": "Run system tests", "duration": "1 hr 59 min", "failure_reasons": [], "icon": "blue.png"}, {"result": "SUCCESS", "retry": false, "parentJobName": "9.0.swarm.runner", "url": "job/9.0.system_test.ubuntu.services_reconfiguration_thread_2/156/", "parentBuildNumber": 160, "description": "services_reconfiguration_thread_2 on 9.0-mos-567", "jobName": "9.0.system_test.ubuntu.services_reconfiguration_thread_2", "buildNumber": 156, "test_data": {"testsuite": {"@name": "nosetests", "@tests": "9", "@errors": "0", "@failures": "0", "@skip": "0", "testcase": [{"@classname": "setup_master", "@name": "setup_master", "@time": "1487.547"}, {"@classname": "prepare_release", "@name": "prepare_release", "@time": "89.722"}, {"@classname": "prepare_slaves_5", "@name": "prepare_slaves_5", "@time": "243.751"}, {"@classname": "basic_env_for_reconfiguration", "@name": "basic_env_for_reconfiguration", "@time": "3860.580"}, {"@classname": "reconfigure_ml2_vlan_range_for_suite_of_nodes", "@name": "reconfigure_ml2_vlan_range_for_suite_of_nodes", "@time": "682.323"}, {"@classname": "reconfigure_nova_quota", "@name": "reconfigure_nova_quota", "@time": "1048.787"}, {"@classname": "reconfigure_with_new_fields", "@name": "reconfigure_with_new_fields", "@time": "967.015"}, {"@classname": "upload_config_for_node_and_env_in_transitional_state", "@name": "upload_config_for_node_and_env_in_transitional_state", "@time": "1304.435"}, {"@classname": "two_clusters_reconfiguration", "@name": "two_clusters_reconfiguration", "@time": "6927.285"}]}, "job_url": "https://product-ci.infra.mirantis.net/job/9.0.system_test.ubuntu.services_reconfiguration_thread_2/156/", "job_status": "SUCCESS", "build_number": 156, "job_name": "9.0.system_test.ubuntu.services_reconfiguration_thread_2", "job_description": "services_reconfiguration_thread_2 on 9.0-mos-567"}, "abort": false, "phaseName": "Run system tests", "duration": "4 hr 54 min", "failure_reasons": [], "icon": "blue.png"}, {"result": "SUCCESS", "retry": false, "parentJobName": "9.0.swarm.runner", "url": "job/9.0.system_test.ubuntu.ha_neutron_destructive_vxlan/164/", "parentBuildNumber": 160, "description": "ha_neutron_destructive_vxlan on 9.0-mos-567", "jobName": "9.0.system_test.ubuntu.ha_neutron_destructive_vxlan", "buildNumber": 164, "test_data": {"testsuite": {"@name": "nosetests", "@tests": "7", "@errors": "0", "@failures": "0", "@skip": "0", "testcase": [{"@classname": "setup_master", "@name": "setup_master", "@time": "1500.518"}, {"@classname": "prepare_release", "@name": "prepare_release", "@time": "99.666"}, {"@classname": "deploy_ha_neutron_vxlan", "@name": "deploy_ha_neutron_vxlan", "@time": "3796.640"}, {"@classname": "neutron_l3_migration_after_destroy_vxlan", "@name": "neutron_l3_migration_after_destroy_vxlan", "@time": "1871.542"}, {"@classname": "neutron_l3_migration_after_reset_vxlan", "@name": "neutron_l3_migration_after_reset_vxlan", "@time": "1915.834"}, {"@classname": "neutron_l3_migration_vxlan", "@name": "neutron_l3_migration_vxlan", "@time": "1350.595"}, {"@classname": "neutron_packets_drop_stat_vxlan", "@name": "neutron_packets_drop_stat_vxlan", "@time": "824.550"}]}, "job_url": "https://product-ci.infra.mirantis.net/job/9.0.system_test.ubuntu.ha_neutron_destructive_vxlan/164/", "job_status": "SUCCESS", "build_number": 164, "job_name": "9.0.system_test.ubuntu.ha_neutron_destructive_vxlan", "job_description": "ha_neutron_destructive_vxlan on 9.0-mos-567"}, "abort": false, "phaseName": "Run system tests", "duration": "3 hr 26 min", "failure_reasons": [], "icon": "blue.png"}, {"result": "SUCCESS", "retry": false, "parentJobName": "9.0.swarm.runner", "url": "job/9.0.system_test.ubuntu.fuel_plugin_reboot/160/", "parentBuildNumber": 160, "description": "fuel_plugin_reboot on 9.0-mos-567", "jobName": "9.0.system_test.ubuntu.fuel_plugin_reboot", "buildNumber": 160, "test_data": {"testsuite": {"@name": "nosetests", "@tests": "6", "@errors": "0", "@failures": "0", "@skip": "0", "testcase": [{"@classname": "setup_master", "@name": "setup_master", "@time": "1459.453"}, {"@classname": "prepare_release", "@name": "prepare_release", "@time": "85.560"}, {"@classname": "prepare_slaves_3", "@name": "prepare_slaves_3", "@time": "198.424"}, {"@classname": "deploy_cluster_with_reboot_plugin_timeout", "@name": "deploy_cluster_with_reboot_plugin_timeout", "@time": "956.997"}, {"@classname": "prepare_slaves_5", "@name": "prepare_slaves_5", "@time": "238.496"}, {"@classname": "deploy_cluster_with_reboot_plugin", "@name": "deploy_cluster_with_reboot_plugin", "@time": "1159.646"}]}, "job_url": "https://product-ci.infra.mirantis.net/job/9.0.system_test.ubuntu.fuel_plugin_reboot/160/", "job_status": "SUCCESS", "build_number": 160, "job_name": "9.0.system_test.ubuntu.fuel_plugin_reboot", "job_description": "fuel_plugin_reboot on 9.0-mos-567"}, "abort": false, "phaseName": "Run system tests", "duration": "1 hr 25 min", "failure_reasons": [], "icon": "blue.png"}, {"result": "FAILURE", "retry": false, "parentJobName": "9.0.swarm.runner", "url": "job/9.0.system_test.ubuntu.support_dpdk_bond/53/", "parentBuildNumber": 160, "description": "support_dpdk_bond on 9.0-mos-567", "jobName": "9.0.system_test.ubuntu.support_dpdk_bond", "buildNumber": 53, "test_data": {"testsuite": {"@name": "nosetests", "@tests": "4", "@errors": "0", "@failures": "1", "@skip": "0", "testcase": [{"@classname": "setup_master", "@name": "setup_master", "@time": "1476.412"}, {"@classname": "prepare_release", "@name": "prepare_release", "@time": "80.445"}, {"@classname": "prepare_slaves_3", "@name": "prepare_slaves_3", "@time": "234.331"}, {"@classname": "deploy_cluster_with_dpdk_bond", "@name": "deploy_cluster_with_dpdk_bond", "@time": "3754.704", "failure": {"@type": "exceptions.AssertionError", "@message": "Failed 1 OSTF tests; should fail 0 tests. Names of failed tests: \n  - Launch instance, create snapshot, launch instance from snapshot (error)     ", "#text": "Traceback (most recent call last):\n  File \"/usr/lib/python2.7/unittest/case.py\", line 331, in run\n    testMethod()\n  File \"/usr/lib/python2.7/unittest/case.py\", line 1043, in runTest\n    self._testFunc()\n  File \"/home/jenkins/venv-nailgun-tests-2.9/local/lib/python2.7/site-packages/proboscis/case.py\", line 296, in testng_method_mistake_capture_func\n    compatability.capture_type_error(s_func)\n  File \"/home/jenkins/venv-nailgun-tests-2.9/local/lib/python2.7/site-packages/proboscis/compatability/exceptions_2_6.py\", line 27, in capture_type_error\n    func()\n  File \"/home/jenkins/venv-nailgun-tests-2.9/local/lib/python2.7/site-packages/proboscis/case.py\", line 350, in func\n    func(test_case.state.get_state())\n  File \"/home/jenkins/workspace/9.0.system_test.ubuntu.support_dpdk_bond/fuelweb_test/helpers/decorators.py\", line 120, in wrapper\n    result = func(*args, **kwargs)\n  File \"/home/jenkins/workspace/9.0.system_test.ubuntu.support_dpdk_bond/fuelweb_test/tests/test_dpdk.py\", line 425, in deploy_cluster_with_dpdk_bond\n    self.fuel_web.run_ostf(cluster_id=cluster_id)\n  File \"/home/jenkins/workspace/9.0.system_test.ubuntu.support_dpdk_bond/fuelweb_test/__init__.py\", line 59, in wrapped\n    result = func(*args, **kwargs)\n  File \"/home/jenkins/workspace/9.0.system_test.ubuntu.support_dpdk_bond/fuelweb_test/models/fuel_web_client.py\", line 1287, in run_ostf\n    failed_test_name=failed_test_name, test_sets=test_sets)\n  File \"/home/jenkins/workspace/9.0.system_test.ubuntu.support_dpdk_bond/fuelweb_test/__init__.py\", line 59, in wrapped\n    result = func(*args, **kwargs)\n  File \"/home/jenkins/workspace/9.0.system_test.ubuntu.support_dpdk_bond/fuelweb_test/models/fuel_web_client.py\", line 277, in assert_ostf_run\n    indent=1)))\n  File \"/home/jenkins/venv-nailgun-tests-2.9/local/lib/python2.7/site-packages/proboscis/asserts.py\", line 163, in assert_true\n    raise ASSERTION_ERROR(message)\nAssertionError: Failed 1 OSTF tests; should fail 0 tests. Names of failed tests: \n  - Launch instance, create snapshot, launch instance from snapshot (error)"}}]}, "job_url": "https://product-ci.infra.mirantis.net/job/9.0.system_test.ubuntu.support_dpdk_bond/53/", "job_status": "FAILURE", "build_number": 53, "job_name": "9.0.system_test.ubuntu.support_dpdk_bond", "job_description": "support_dpdk_bond on 9.0-mos-567"}, "abort": false, "phaseName": "Run system tests", "duration": "1 hr 49 min", "failure_reasons": [{"job_status": "FAILURE", "failure": "failure___type___exceptions.AssertionError___message___Failed x OSTF tests; should fail x tests. Names of failed tests: \n  - Launch instance, create snapshot, launch instance from snapshot (error)     ", "job_url": "https://product-ci.infra.mirantis.net/job/9.0.system_test.ubuntu.support_dpdk_bond/53/", "build_number": 53, "test": "deploy_cluster_with_dpdk_bond", "test_fail_url": "https://product-ci.infra.mirantis.net/job/9.0.system_test.ubuntu.support_dpdk_bond/53/testReport/(root)/deploy_cluster_with_dpdk_bond/deploy_cluster_with_dpdk_bond", "failure_origin": "failure___type___exceptions.AssertionError___message___Failed 1 OSTF tests; should fail 0 tests. Names of failed tests: \n  - Launch instance, create snapshot, launch instance from snapshot (error)     ", "job_name": "9.0.system_test.ubuntu.support_dpdk_bond"}], "icon": "red.png"}, {"result": "SUCCESS", "retry": false, "parentJobName": "9.0.swarm.runner", "url": "job/9.0.system_test.ubuntu.full_cluster_reinstallation/160/", "parentBuildNumber": 160, "description": "full_cluster_reinstallation on 9.0-mos-567", "jobName": "9.0.system_test.ubuntu.full_cluster_reinstallation", "buildNumber": 160, "test_data": {"testsuite": {"@name": "nosetests", "@tests": "5", "@errors": "0", "@failures": "0", "@skip": "0", "testcase": [{"@classname": "setup_master", "@name": "setup_master", "@time": "1429.510"}, {"@classname": "prepare_release", "@name": "prepare_release", "@time": "79.674"}, {"@classname": "prepare_slaves_5", "@name": "prepare_slaves_5", "@time": "256.915"}, {"@classname": "node_reinstallation_env", "@name": "node_reinstallation_env", "@time": "4619.335"}, {"@classname": "full_cluster_reinstallation", "@name": "full_cluster_reinstallation", "@time": "10084.581"}]}, "job_url": "https://product-ci.infra.mirantis.net/job/9.0.system_test.ubuntu.full_cluster_reinstallation/160/", "job_status": "SUCCESS", "build_number": 160, "job_name": "9.0.system_test.ubuntu.full_cluster_reinstallation", "job_description": "full_cluster_reinstallation on 9.0-mos-567"}, "abort": false, "phaseName": "Run system tests", "duration": "4 hr 52 min", "failure_reasons": [], "icon": "blue.png"}, {"result": "SUCCESS", "retry": false, "parentJobName": "9.0.swarm.runner", "url": "job/9.0.system_test.ubuntu.one_controller_actions/160/", "parentBuildNumber": 160, "description": "one_controller_actions on 9.0-mos-567", "jobName": "9.0.system_test.ubuntu.one_controller_actions", "buildNumber": 160, "test_data": {"testsuite": {"@name": "nosetests", "@tests": "9", "@errors": "0", "@failures": "0", "@skip": "0", "testcase": [{"@classname": "setup_master", "@name": "setup_master", "@time": "1509.371"}, {"@classname": "prepare_release", "@name": "prepare_release", "@time": "82.560"}, {"@classname": "prepare_slaves_3", "@name": "prepare_slaves_3", "@time": "233.529"}, {"@classname": "deploy_ha_one_controller_neutron", "@name": "deploy_ha_one_controller_neutron", "@time": "3394.567"}, {"@classname": "delete_environment", "@name": "delete_environment", "@time": "332.669"}, {"@classname": "deploy_base_os_node", "@name": "deploy_base_os_node", "@time": "1133.174"}, {"@classname": "ha_one_controller_neutron_node_deletion", "@name": "ha_one_controller_neutron_node_deletion", "@time": "512.649"}, {"@classname": "ha_one_controller_neutron_add_compute", "@name": "ha_one_controller_neutron_add_compute", "@time": "4046.199"}, {"@classname": "ha_one_controller_neutron_blocked_vlan", "@name": "ha_one_controller_neutron_blocked_vlan", "@time": "3011.378"}]}, "job_url": "https://product-ci.infra.mirantis.net/job/9.0.system_test.ubuntu.one_controller_actions/160/", "job_status": "SUCCESS", "build_number": 160, "job_name": "9.0.system_test.ubuntu.one_controller_actions", "job_description": "one_controller_actions on 9.0-mos-567"}, "abort": false, "phaseName": "Run system tests", "duration": "4 hr 14 min", "failure_reasons": [], "icon": "blue.png"}, {"result": "FAILURE", "retry": false, "parentJobName": "9.0.swarm.runner", "url": "job/9.0.system_test.ubuntu.network_templates/164/", "parentBuildNumber": 160, "description": "network_templates on 9.0-mos-567", "jobName": "9.0.system_test.ubuntu.network_templates", "buildNumber": 164, "test_data": {"testsuite": {"@name": "nosetests", "@tests": "9", "@errors": "0", "@failures": "1", "@skip": "0", "testcase": [{"@classname": "setup_master", "@name": "setup_master", "@time": "1543.621"}, {"@classname": "prepare_release", "@name": "prepare_release", "@time": "85.236"}, {"@classname": "prepare_slaves_3", "@name": "prepare_slaves_3", "@time": "234.897"}, {"@classname": "deploy_cinder_net_tmpl", "@name": "deploy_cinder_net_tmpl", "@time": "4897.062"}, {"@classname": "add_nodes_net_tmpl", "@name": "add_nodes_net_tmpl", "@time": "4491.608"}, {"@classname": "deploy_cluster_without_management_net", "@name": "deploy_cluster_without_management_net", "@time": "4739.460"}, {"@classname": "prepare_slaves_5", "@name": "prepare_slaves_5", "@time": "271.698"}, {"@classname": "deploy_ceph_net_tmpl", "@name": "deploy_ceph_net_tmpl", "@time": "5536.548"}, {"@classname": "network_config_consistency_on_reboot", "@name": "network_config_consistency_on_reboot", "@time": "1926.206", "failure": {"@type": "exceptions.AssertionError", "@message": "Task 'deploy' has incorrect status. error != ready, 'Deployment has failed. All nodes are finished. Failed tasks: Task[openstack-haproxy-glance/1], Task[openstack-haproxy-neutron/3], Task[openstack-haproxy-stats/4], Task[netconfig/5] Stopping the deployment process!'", "#text": "Traceback (most recent call last):\n  File \"/usr/lib/python2.7/unittest/case.py\", line 331, in run\n    testMethod()\n  File \"/usr/lib/python2.7/unittest/case.py\", line 1043, in runTest\n    self._testFunc()\n  File \"/home/jenkins/venv-nailgun-tests-2.9/local/lib/python2.7/site-packages/proboscis/case.py\", line 296, in testng_method_mistake_capture_func\n    compatability.capture_type_error(s_func)\n  File \"/home/jenkins/venv-nailgun-tests-2.9/local/lib/python2.7/site-packages/proboscis/compatability/exceptions_2_6.py\", line 27, in capture_type_error\n    func()\n  File \"/home/jenkins/venv-nailgun-tests-2.9/local/lib/python2.7/site-packages/proboscis/case.py\", line 350, in func\n    func(test_case.state.get_state())\n  File \"/home/jenkins/workspace/9.0.system_test.ubuntu.network_templates/fuelweb_test/helpers/decorators.py\", line 120, in wrapper\n    result = func(*args, **kwargs)\n  File \"/home/jenkins/workspace/9.0.system_test.ubuntu.network_templates/fuelweb_test/tests/test_net_templates.py\", line 349, in network_config_consistency_on_reboot\n    self.fuel_web.deploy_cluster_wait(cluster_id, timeout=180 * 60)\n  File \"/home/jenkins/workspace/9.0.system_test.ubuntu.network_templates/fuelweb_test/helpers/decorators.py\", line 455, in wrapper\n    result = func(*args, **kwargs)\n  File \"/home/jenkins/workspace/9.0.system_test.ubuntu.network_templates/fuelweb_test/helpers/decorators.py\", line 440, in wrapper\n    result = func(*args, **kwargs)\n  File \"/home/jenkins/workspace/9.0.system_test.ubuntu.network_templates/fuelweb_test/helpers/decorators.py\", line 491, in wrapper\n    return func(*args, **kwargs)\n  File \"/home/jenkins/workspace/9.0.system_test.ubuntu.network_templates/fuelweb_test/helpers/decorators.py\", line 498, in wrapper\n    result = func(*args, **kwargs)\n  File \"/home/jenkins/workspace/9.0.system_test.ubuntu.network_templates/fuelweb_test/helpers/decorators.py\", line 382, in wrapper\n    return func(*args, **kwargs)\n  File \"/home/jenkins/workspace/9.0.system_test.ubuntu.network_templates/fuelweb_test/models/fuel_web_client.py\", line 896, in deploy_cluster_wait\n    self.assert_task_success(task, interval=interval, timeout=timeout)\n  File \"/home/jenkins/workspace/9.0.system_test.ubuntu.network_templates/fuelweb_test/__init__.py\", line 59, in wrapped\n    result = func(*args, **kwargs)\n  File \"/home/jenkins/workspace/9.0.system_test.ubuntu.network_templates/fuelweb_test/models/fuel_web_client.py\", line 326, in assert_task_success\n    task[\"name\"], task['status'], 'ready', _message(task)\n  File \"/home/jenkins/venv-nailgun-tests-2.9/local/lib/python2.7/site-packages/proboscis/asserts.py\", line 55, in assert_equal\n    raise ASSERTION_ERROR(message)\nAssertionError: Task 'deploy' has incorrect status. error != ready, 'Deployment has failed. All nodes are finished. Failed tasks: Task[openstack-haproxy-glance/1], Task[openstack-haproxy-neutron/3], Task[openstack-haproxy-stats/4], Task[netconfig/5] Stopping the deployment process!'"}}]}, "job_url": "https://product-ci.infra.mirantis.net/job/9.0.system_test.ubuntu.network_templates/164/", "job_status": "FAILURE", "build_number": 164, "job_name": "9.0.system_test.ubuntu.network_templates", "job_description": "network_templates on 9.0-mos-567"}, "abort": false, "phaseName": "Run system tests", "duration": "6 hr 36 min", "failure_reasons": [{"job_status": "FAILURE", "failure": "failure___type___exceptions.AssertionError___message___Task 'deploy' has incorrect status. error != ready, 'Deployment has failed. All nodes are finished. Failed tasks: Task[openstack-haproxy-glance/x], Task[openstack-haproxy-neutron/x], Task[openstack-haproxy-stats/x], Task[netconfig/x] Stopping the deployment process!'", "job_url": "https://product-ci.infra.mirantis.net/job/9.0.system_test.ubuntu.network_templates/164/", "build_number": 164, "test": "network_config_consistency_on_reboot", "test_fail_url": "https://product-ci.infra.mirantis.net/job/9.0.system_test.ubuntu.network_templates/164/testReport/(root)/network_config_consistency_on_reboot/network_config_consistency_on_reboot", "failure_origin": "failure___type___exceptions.AssertionError___message___Task 'deploy' has incorrect status. error != ready, 'Deployment has failed. All nodes are finished. Failed tasks: Task[openstack-haproxy-glance/1], Task[openstack-haproxy-neutron/3], Task[openstack-haproxy-stats/4], Task[netconfig/5] Stopping the deployment process!'", "job_name": "9.0.system_test.ubuntu.network_templates"}], "icon": "red.png"}, {"result": "SUCCESS", "retry": false, "parentJobName": "9.0.swarm.runner", "url": "job/9.0.system_test.ubuntu.plugins.thread_2_separate_services/164/", "parentBuildNumber": 160, "description": "thread_2_separate_services on 9.0-mos", "jobName": "9.0.system_test.ubuntu.plugins.thread_2_separate_services", "buildNumber": 164, "test_data": {"testsuite": {"@name": "nosetests", "@tests": "11", "@errors": "0", "@failures": "0", "@skip": "0", "testcase": [{"@classname": "setup_master", "@name": "setup_master", "@time": "1415.054"}, {"@classname": "prepare_release", "@name": "prepare_release", "@time": "96.446"}, {"@classname": "prepare_slaves_9", "@name": "prepare_slaves_9", "@time": "489.320"}, {"@classname": "separate_all_service", "@name": "separate_all_service", "@time": "4702.541"}, {"@classname": "separate_all_service_controller_shutdown", "@name": "separate_all_service_controller_shutdown", "@time": "1564.890"}, {"@classname": "separate_all_service_shutdown", "@name": "separate_all_service_shutdown", "@time": "1381.475"}, {"@classname": "separate_rabbit_service", "@name": "separate_rabbit_service", "@time": "4315.644"}, {"@classname": "separate_rabbit_service_add_delete_node", "@name": "separate_rabbit_service_add_delete_node", "@time": "3252.901"}, {"@classname": "separate_rabbit_service_controller_shutdown", "@name": "separate_rabbit_service_controller_shutdown", "@time": "1581.040"}, {"@classname": "separate_rabbit_service_restart", "@name": "separate_rabbit_service_restart", "@time": "1354.177"}, {"@classname": "separate_rabbit_service_shutdown", "@name": "separate_rabbit_service_shutdown", "@time": "1273.963"}]}, "job_url": "https://product-ci.infra.mirantis.net/job/9.0.system_test.ubuntu.plugins.thread_2_separate_services/164/", "job_status": "SUCCESS", "build_number": 164, "job_name": "9.0.system_test.ubuntu.plugins.thread_2_separate_services", "job_description": "thread_2_separate_services on 9.0-mos"}, "abort": false, "phaseName": "Run system tests", "duration": "6 hr 19 min", "failure_reasons": [], "icon": "blue.png"}, {"result": "SUCCESS", "retry": false, "parentJobName": "9.0.swarm.runner", "url": "job/9.0.system_test.ubuntu.offloading/161/", "parentBuildNumber": 160, "description": "offloading on 9.0-mos-567", "jobName": "9.0.system_test.ubuntu.offloading", "buildNumber": 161, "test_data": {"testsuite": {"@name": "nosetests", "@tests": "5", "@errors": "0", "@failures": "0", "@skip": "0", "testcase": [{"@classname": "setup_master", "@name": "setup_master", "@time": "1153.333"}, {"@classname": "prepare_release", "@name": "prepare_release", "@time": "71.992"}, {"@classname": "prepare_slaves_3", "@name": "prepare_slaves_3", "@time": "159.949"}, {"@classname": "offloading_neutron_vlan", "@name": "offloading_neutron_vlan", "@time": "2893.186"}, {"@classname": "offloading_neutron_vxlan", "@name": "offloading_neutron_vxlan", "@time": "2767.458"}]}, "job_url": "https://product-ci.infra.mirantis.net/job/9.0.system_test.ubuntu.offloading/161/", "job_status": "SUCCESS", "build_number": 161, "job_name": "9.0.system_test.ubuntu.offloading", "job_description": "offloading on 9.0-mos-567"}, "abort": false, "phaseName": "Run system tests", "duration": "2 hr 27 min", "failure_reasons": [], "icon": "blue.png"}, {"result": "FAILURE", "retry": false, "parentJobName": "9.0.swarm.runner", "url": "job/9.0.system_test.ubuntu.plugins.install_plugin_after_cluster_create/72/", "parentBuildNumber": 160, "description": "install_plugin_after_cluster_create on 9.0-mos", "jobName": "9.0.system_test.ubuntu.plugins.install_plugin_after_cluster_create", "buildNumber": 72, "test_data": {"testsuite": {"@name": "nosetests", "@tests": "10", "@errors": "0", "@failures": "3", "@skip": "0", "testcase": [{"@classname": "setup_master", "@name": "setup_master", "@time": "1396.670"}, {"@classname": "prepare_release", "@name": "prepare_release", "@time": "81.537"}, {"@classname": "prepare_slaves_5", "@name": "prepare_slaves_5", "@time": "258.909"}, {"@classname": "three_ctrl_install_after_create", "@name": "three_ctrl_install_after_create", "@time": "3821.667"}, {"@classname": "five_ctrl_enable_installed_after_create_add", "@name": "five_ctrl_enable_installed_after_create_add", "@time": "3087.028", "failure": {"@type": "exceptions.AssertionError", "@message": "Task 'deploy' has incorrect status. error != ready, 'Deployment has failed. All nodes are finished. Failed tasks: Task[primary-rabbitmq/1] Stopping the deployment process!'", "#text": "Traceback (most recent call last):\n  File \"/usr/lib/python2.7/unittest/case.py\", line 331, in run\n    testMethod()\n  File \"/usr/lib/python2.7/unittest/case.py\", line 1043, in runTest\n    self._testFunc()\n  File \"/home/jenkins/venv-nailgun-tests-2.9/local/lib/python2.7/site-packages/proboscis/case.py\", line 296, in testng_method_mistake_capture_func\n    compatability.capture_type_error(s_func)\n  File \"/home/jenkins/venv-nailgun-tests-2.9/local/lib/python2.7/site-packages/proboscis/compatability/exceptions_2_6.py\", line 27, in capture_type_error\n    func()\n  File \"/home/jenkins/venv-nailgun-tests-2.9/local/lib/python2.7/site-packages/proboscis/case.py\", line 350, in func\n    func(test_case.state.get_state())\n  File \"/home/jenkins/workspace/9.0.system_test.ubuntu.plugins.install_plugin_after_cluster_create/fuelweb_test/helpers/decorators.py\", line 120, in wrapper\n    result = func(*args, **kwargs)\n  File \"/home/jenkins/workspace/9.0.system_test.ubuntu.plugins.install_plugin_after_cluster_create/fuelweb_test/helpers/decorators.py\", line 817, in wrapper\n    result = func(*args, **kwargs)\n  File \"/home/jenkins/workspace/9.0.system_test.ubuntu.plugins.install_plugin_after_cluster_create/fuelweb_test/tests/plugins/plugin_example/test_fuel_plugin_example_postdeploy.py\", line 387, in five_ctrl_enable_installed_after_create_add\n    self.deploy_cluster_wait()\n  File \"/home/jenkins/workspace/9.0.system_test.ubuntu.plugins.install_plugin_after_cluster_create/fuelweb_test/tests/plugins/plugin_example/test_fuel_plugin_example_postdeploy.py\", line 50, in deploy_cluster_wait\n    check_services=check_services)\n  File \"/home/jenkins/workspace/9.0.system_test.ubuntu.plugins.install_plugin_after_cluster_create/fuelweb_test/helpers/decorators.py\", line 455, in wrapper\n    result = func(*args, **kwargs)\n  File \"/home/jenkins/workspace/9.0.system_test.ubuntu.plugins.install_plugin_after_cluster_create/fuelweb_test/helpers/decorators.py\", line 440, in wrapper\n    result = func(*args, **kwargs)\n  File \"/home/jenkins/workspace/9.0.system_test.ubuntu.plugins.install_plugin_after_cluster_create/fuelweb_test/helpers/decorators.py\", line 491, in wrapper\n    return func(*args, **kwargs)\n  File \"/home/jenkins/workspace/9.0.system_test.ubuntu.plugins.install_plugin_after_cluster_create/fuelweb_test/helpers/decorators.py\", line 498, in wrapper\n    result = func(*args, **kwargs)\n  File \"/home/jenkins/workspace/9.0.system_test.ubuntu.plugins.install_plugin_after_cluster_create/fuelweb_test/helpers/decorators.py\", line 382, in wrapper\n    return func(*args, **kwargs)\n  File \"/home/jenkins/workspace/9.0.system_test.ubuntu.plugins.install_plugin_after_cluster_create/fuelweb_test/models/fuel_web_client.py\", line 896, in deploy_cluster_wait\n    self.assert_task_success(task, interval=interval, timeout=timeout)\n  File \"/home/jenkins/workspace/9.0.system_test.ubuntu.plugins.install_plugin_after_cluster_create/fuelweb_test/__init__.py\", line 59, in wrapped\n    result = func(*args, **kwargs)\n  File \"/home/jenkins/workspace/9.0.system_test.ubuntu.plugins.install_plugin_after_cluster_create/fuelweb_test/models/fuel_web_client.py\", line 326, in assert_task_success\n    task[\"name\"], task['status'], 'ready', _message(task)\n  File \"/home/jenkins/venv-nailgun-tests-2.9/local/lib/python2.7/site-packages/proboscis/asserts.py\", line 55, in assert_equal\n    raise ASSERTION_ERROR(message)\nAssertionError: Task 'deploy' has incorrect status. error != ready, 'Deployment has failed. All nodes are finished. Failed tasks: Task[primary-rabbitmq/1] Stopping the deployment process!'"}}, {"@classname": "three_ctrl_enable_installed_after_create_redeploy", "@name": "three_ctrl_enable_installed_after_create_redeploy", "@time": "4143.948", "failure": {"@type": "exceptions.AssertionError", "@message": "Task 'deploy' has incorrect status. error != ready, 'Deployment has failed. All nodes are finished. Failed tasks: Task[pre_deployment_2/3], Task[pre_deployment_2/2], Task[pre_deployment_2/5], Task[pre_deployment_2/4] Stopping the deployment process!'", "#text": "Traceback (most recent call last):\n  File \"/usr/lib/python2.7/unittest/case.py\", line 331, in run\n    testMethod()\n  File \"/usr/lib/python2.7/unittest/case.py\", line 1043, in runTest\n    self._testFunc()\n  File \"/home/jenkins/venv-nailgun-tests-2.9/local/lib/python2.7/site-packages/proboscis/case.py\", line 296, in testng_method_mistake_capture_func\n    compatability.capture_type_error(s_func)\n  File \"/home/jenkins/venv-nailgun-tests-2.9/local/lib/python2.7/site-packages/proboscis/compatability/exceptions_2_6.py\", line 27, in capture_type_error\n    func()\n  File \"/home/jenkins/venv-nailgun-tests-2.9/local/lib/python2.7/site-packages/proboscis/case.py\", line 350, in func\n    func(test_case.state.get_state())\n  File \"/home/jenkins/workspace/9.0.system_test.ubuntu.plugins.install_plugin_after_cluster_create/fuelweb_test/helpers/decorators.py\", line 120, in wrapper\n    result = func(*args, **kwargs)\n  File \"/home/jenkins/workspace/9.0.system_test.ubuntu.plugins.install_plugin_after_cluster_create/fuelweb_test/helpers/decorators.py\", line 817, in wrapper\n    result = func(*args, **kwargs)\n  File \"/home/jenkins/workspace/9.0.system_test.ubuntu.plugins.install_plugin_after_cluster_create/fuelweb_test/tests/plugins/plugin_example/test_fuel_plugin_example_postdeploy.py\", line 338, in three_ctrl_enable_installed_after_create_redeploy\n    self.redeploy_controller_nodes(nodes=[node])\n  File \"/home/jenkins/workspace/9.0.system_test.ubuntu.plugins.install_plugin_after_cluster_create/fuelweb_test/tests/plugins/plugin_example/test_fuel_plugin_example_postdeploy.py\", line 174, in redeploy_controller_nodes\n    self.deploy_cluster_wait(check_services=True)\n  File \"/home/jenkins/workspace/9.0.system_test.ubuntu.plugins.install_plugin_after_cluster_create/fuelweb_test/tests/plugins/plugin_example/test_fuel_plugin_example_postdeploy.py\", line 50, in deploy_cluster_wait\n    check_services=check_services)\n  File \"/home/jenkins/workspace/9.0.system_test.ubuntu.plugins.install_plugin_after_cluster_create/fuelweb_test/helpers/decorators.py\", line 455, in wrapper\n    result = func(*args, **kwargs)\n  File \"/home/jenkins/workspace/9.0.system_test.ubuntu.plugins.install_plugin_after_cluster_create/fuelweb_test/helpers/decorators.py\", line 440, in wrapper\n    result = func(*args, **kwargs)\n  File \"/home/jenkins/workspace/9.0.system_test.ubuntu.plugins.install_plugin_after_cluster_create/fuelweb_test/helpers/decorators.py\", line 491, in wrapper\n    return func(*args, **kwargs)\n  File \"/home/jenkins/workspace/9.0.system_test.ubuntu.plugins.install_plugin_after_cluster_create/fuelweb_test/helpers/decorators.py\", line 498, in wrapper\n    result = func(*args, **kwargs)\n  File \"/home/jenkins/workspace/9.0.system_test.ubuntu.plugins.install_plugin_after_cluster_create/fuelweb_test/helpers/decorators.py\", line 382, in wrapper\n    return func(*args, **kwargs)\n  File \"/home/jenkins/workspace/9.0.system_test.ubuntu.plugins.install_plugin_after_cluster_create/fuelweb_test/models/fuel_web_client.py\", line 896, in deploy_cluster_wait\n    self.assert_task_success(task, interval=interval, timeout=timeout)\n  File \"/home/jenkins/workspace/9.0.system_test.ubuntu.plugins.install_plugin_after_cluster_create/fuelweb_test/__init__.py\", line 59, in wrapped\n    result = func(*args, **kwargs)\n  File \"/home/jenkins/workspace/9.0.system_test.ubuntu.plugins.install_plugin_after_cluster_create/fuelweb_test/models/fuel_web_client.py\", line 326, in assert_task_success\n    task[\"name\"], task['status'], 'ready', _message(task)\n  File \"/home/jenkins/venv-nailgun-tests-2.9/local/lib/python2.7/site-packages/proboscis/asserts.py\", line 55, in assert_equal\n    raise ASSERTION_ERROR(message)\nAssertionError: Task 'deploy' has incorrect status. error != ready, 'Deployment has failed. All nodes are finished. Failed tasks: Task[pre_deployment_2/3], Task[pre_deployment_2/2], Task[pre_deployment_2/5], Task[pre_deployment_2/4] Stopping the deployment process!'"}}, {"@classname": "three_ctrl_install_after_deploy", "@name": "three_ctrl_install_after_deploy", "@time": "3820.747"}, {"@classname": "five_ctrl_enable_installed_after_deploy_add", "@name": "five_ctrl_enable_installed_after_deploy_add", "@time": "5070.957"}, {"@classname": "three_ctrl_enable_installed_after_deploy_redeploy", "@name": "three_ctrl_enable_installed_after_deploy_redeploy", "@time": "4079.448", "failure": {"@type": "exceptions.AssertionError", "@message": "Task 'deploy' has incorrect status. error != ready, 'Deployment has failed. All nodes are finished. Failed tasks: Task[pre_deployment_2/3], Task[pre_deployment_2/2], Task[pre_deployment_2/5], Task[pre_deployment_2/4] Stopping the deployment process!'", "#text": "Traceback (most recent call last):\n  File \"/usr/lib/python2.7/unittest/case.py\", line 331, in run\n    testMethod()\n  File \"/usr/lib/python2.7/unittest/case.py\", line 1043, in runTest\n    self._testFunc()\n  File \"/home/jenkins/venv-nailgun-tests-2.9/local/lib/python2.7/site-packages/proboscis/case.py\", line 296, in testng_method_mistake_capture_func\n    compatability.capture_type_error(s_func)\n  File \"/home/jenkins/venv-nailgun-tests-2.9/local/lib/python2.7/site-packages/proboscis/compatability/exceptions_2_6.py\", line 27, in capture_type_error\n    func()\n  File \"/home/jenkins/venv-nailgun-tests-2.9/local/lib/python2.7/site-packages/proboscis/case.py\", line 350, in func\n    func(test_case.state.get_state())\n  File \"/home/jenkins/workspace/9.0.system_test.ubuntu.plugins.install_plugin_after_cluster_create/fuelweb_test/helpers/decorators.py\", line 120, in wrapper\n    result = func(*args, **kwargs)\n  File \"/home/jenkins/workspace/9.0.system_test.ubuntu.plugins.install_plugin_after_cluster_create/fuelweb_test/helpers/decorators.py\", line 817, in wrapper\n    result = func(*args, **kwargs)\n  File \"/home/jenkins/workspace/9.0.system_test.ubuntu.plugins.install_plugin_after_cluster_create/fuelweb_test/tests/plugins/plugin_example/test_fuel_plugin_example_postdeploy.py\", line 500, in three_ctrl_enable_installed_after_deploy_redeploy\n    self.redeploy_controller_nodes(nodes=[node])\n  File \"/home/jenkins/workspace/9.0.system_test.ubuntu.plugins.install_plugin_after_cluster_create/fuelweb_test/tests/plugins/plugin_example/test_fuel_plugin_example_postdeploy.py\", line 174, in redeploy_controller_nodes\n    self.deploy_cluster_wait(check_services=True)\n  File \"/home/jenkins/workspace/9.0.system_test.ubuntu.plugins.install_plugin_after_cluster_create/fuelweb_test/tests/plugins/plugin_example/test_fuel_plugin_example_postdeploy.py\", line 50, in deploy_cluster_wait\n    check_services=check_services)\n  File \"/home/jenkins/workspace/9.0.system_test.ubuntu.plugins.install_plugin_after_cluster_create/fuelweb_test/helpers/decorators.py\", line 455, in wrapper\n    result = func(*args, **kwargs)\n  File \"/home/jenkins/workspace/9.0.system_test.ubuntu.plugins.install_plugin_after_cluster_create/fuelweb_test/helpers/decorators.py\", line 440, in wrapper\n    result = func(*args, **kwargs)\n  File \"/home/jenkins/workspace/9.0.system_test.ubuntu.plugins.install_plugin_after_cluster_create/fuelweb_test/helpers/decorators.py\", line 491, in wrapper\n    return func(*args, **kwargs)\n  File \"/home/jenkins/workspace/9.0.system_test.ubuntu.plugins.install_plugin_after_cluster_create/fuelweb_test/helpers/decorators.py\", line 498, in wrapper\n    result = func(*args, **kwargs)\n  File \"/home/jenkins/workspace/9.0.system_test.ubuntu.plugins.install_plugin_after_cluster_create/fuelweb_test/helpers/decorators.py\", line 382, in wrapper\n    return func(*args, **kwargs)\n  File \"/home/jenkins/workspace/9.0.system_test.ubuntu.plugins.install_plugin_after_cluster_create/fuelweb_test/models/fuel_web_client.py\", line 896, in deploy_cluster_wait\n    self.assert_task_success(task, interval=interval, timeout=timeout)\n  File \"/home/jenkins/workspace/9.0.system_test.ubuntu.plugins.install_plugin_after_cluster_create/fuelweb_test/__init__.py\", line 59, in wrapped\n    result = func(*args, **kwargs)\n  File \"/home/jenkins/workspace/9.0.system_test.ubuntu.plugins.install_plugin_after_cluster_create/fuelweb_test/models/fuel_web_client.py\", line 326, in assert_task_success\n    task[\"name\"], task['status'], 'ready', _message(task)\n  File \"/home/jenkins/venv-nailgun-tests-2.9/local/lib/python2.7/site-packages/proboscis/asserts.py\", line 55, in assert_equal\n    raise ASSERTION_ERROR(message)\nAssertionError: Task 'deploy' has incorrect status. error != ready, 'Deployment has failed. All nodes are finished. Failed tasks: Task[pre_deployment_2/3], Task[pre_deployment_2/2], Task[pre_deployment_2/5], Task[pre_deployment_2/4] Stopping the deployment process!'"}}, {"@classname": "three_ctrl_install_enable_after_create", "@name": "three_ctrl_install_enable_after_create", "@time": "3756.102"}]}, "job_url": "https://product-ci.infra.mirantis.net/job/9.0.system_test.ubuntu.plugins.install_plugin_after_cluster_create/72/", "job_status": "FAILURE", "build_number": 72, "job_name": "9.0.system_test.ubuntu.plugins.install_plugin_after_cluster_create", "job_description": "install_plugin_after_cluster_create on 9.0-mos"}, "abort": false, "phaseName": "Run system tests", "duration": "8 hr 34 min", "failure_reasons": [{"job_status": "FAILURE", "failure": "failure___type___exceptions.AssertionError___message___Task 'deploy' has incorrect status. error != ready, 'Deployment has failed. All nodes are finished. Failed tasks: Task[primary-rabbitmq/x] Stopping the deployment process!'", "job_url": "https://product-ci.infra.mirantis.net/job/9.0.system_test.ubuntu.plugins.install_plugin_after_cluster_create/72/", "build_number": 72, "test": "five_ctrl_enable_installed_after_create_add", "test_fail_url": "https://product-ci.infra.mirantis.net/job/9.0.system_test.ubuntu.plugins.install_plugin_after_cluster_create/72/testReport/(root)/five_ctrl_enable_installed_after_create_add/five_ctrl_enable_installed_after_create_add", "failure_origin": "failure___type___exceptions.AssertionError___message___Task 'deploy' has incorrect status. error != ready, 'Deployment has failed. All nodes are finished. Failed tasks: Task[primary-rabbitmq/1] Stopping the deployment process!'", "job_name": "9.0.system_test.ubuntu.plugins.install_plugin_after_cluster_create"}, {"job_status": "FAILURE", "failure": "failure___type___exceptions.AssertionError___message___Task 'deploy' has incorrect status. error != ready, 'Deployment has failed. All nodes are finished. Failed tasks: Task[pre_deployment_2/x], Task[pre_deployment_2/x], Task[pre_deployment_2/x], Task[pre_deployment_2/x] Stopping the deployment process!'", "job_url": "https://product-ci.infra.mirantis.net/job/9.0.system_test.ubuntu.plugins.install_plugin_after_cluster_create/72/", "build_number": 72, "test": "three_ctrl_enable_installed_after_create_redeploy", "test_fail_url": "https://product-ci.infra.mirantis.net/job/9.0.system_test.ubuntu.plugins.install_plugin_after_cluster_create/72/testReport/(root)/three_ctrl_enable_installed_after_create_redeploy/three_ctrl_enable_installed_after_create_redeploy", "failure_origin": "failure___type___exceptions.AssertionError___message___Task 'deploy' has incorrect status. error != ready, 'Deployment has failed. All nodes are finished. Failed tasks: Task[pre_deployment_2/3], Task[pre_deployment_2/2], Task[pre_deployment_2/5], Task[pre_deployment_2/4] Stopping the deployment process!'", "job_name": "9.0.system_test.ubuntu.plugins.install_plugin_after_cluster_create"}, {"job_status": "FAILURE", "failure": "failure___type___exceptions.AssertionError___message___Task 'deploy' has incorrect status. error != ready, 'Deployment has failed. All nodes are finished. Failed tasks: Task[pre_deployment_2/x], Task[pre_deployment_2/x], Task[pre_deployment_2/x], Task[pre_deployment_2/x] Stopping the deployment process!'", "job_url": "https://product-ci.infra.mirantis.net/job/9.0.system_test.ubuntu.plugins.install_plugin_after_cluster_create/72/", "build_number": 72, "test": "three_ctrl_enable_installed_after_deploy_redeploy", "test_fail_url": "https://product-ci.infra.mirantis.net/job/9.0.system_test.ubuntu.plugins.install_plugin_after_cluster_create/72/testReport/(root)/three_ctrl_enable_installed_after_deploy_redeploy/three_ctrl_enable_installed_after_deploy_redeploy", "failure_origin": "failure___type___exceptions.AssertionError___message___Task 'deploy' has incorrect status. error != ready, 'Deployment has failed. All nodes are finished. Failed tasks: Task[pre_deployment_2/3], Task[pre_deployment_2/2], Task[pre_deployment_2/5], Task[pre_deployment_2/4] Stopping the deployment process!'", "job_name": "9.0.system_test.ubuntu.plugins.install_plugin_after_cluster_create"}], "icon": "red.png"}, {"result": "SUCCESS", "retry": false, "parentJobName": "9.0.swarm.runner", "url": "job/9.0.system_test.ubuntu.controller_replacement/162/", "parentBuildNumber": 160, "description": "controller_replacement on 9.0-mos-567", "jobName": "9.0.system_test.ubuntu.controller_replacement", "buildNumber": 162, "test_data": {"testsuite": {"@name": "nosetests", "@tests": "5", "@errors": "0", "@failures": "0", "@skip": "0", "testcase": [{"@classname": "setup_master", "@name": "setup_master", "@time": "1261.770"}, {"@classname": "prepare_release", "@name": "prepare_release", "@time": "67.969"}, {"@classname": "prepare_slaves_5", "@name": "prepare_slaves_5", "@time": "230.065"}, {"@classname": "deploy_ha_neutron_tun_ctrl_replacement", "@name": "deploy_ha_neutron_tun_ctrl_replacement", "@time": "5464.674"}, {"@classname": "deploy_ha_neutron_vlan_ctrl_replacement", "@name": "deploy_ha_neutron_vlan_ctrl_replacement", "@time": "5170.408"}]}, "job_url": "https://product-ci.infra.mirantis.net/job/9.0.system_test.ubuntu.controller_replacement/162/", "job_status": "SUCCESS", "build_number": 162, "job_name": "9.0.system_test.ubuntu.controller_replacement", "job_description": "controller_replacement on 9.0-mos-567"}, "abort": false, "phaseName": "Run system tests", "duration": "3 hr 52 min", "failure_reasons": [], "icon": "blue.png"}, {"result": "SUCCESS", "retry": false, "parentJobName": "9.0.swarm.runner", "url": "job/9.0.system_test.ubuntu.partition_preservation/162/", "parentBuildNumber": 160, "description": "partition_preservation on 9.0-mos-567", "jobName": "9.0.system_test.ubuntu.partition_preservation", "buildNumber": 162, "test_data": {"testsuite": {"@name": "nosetests", "@tests": "6", "@errors": "0", "@failures": "0", "@skip": "0", "testcase": [{"@classname": "setup_master", "@name": "setup_master", "@time": "1487.180"}, {"@classname": "prepare_release", "@name": "prepare_release", "@time": "79.558"}, {"@classname": "prepare_slaves_5", "@name": "prepare_slaves_5", "@time": "263.873"}, {"@classname": "node_reinstallation_env", "@name": "node_reinstallation_env", "@time": "4349.804"}, {"@classname": "cinder_nova_partition_preservation", "@name": "cinder_nova_partition_preservation", "@time": "1926.984"}, {"@classname": "mongo_mysql_partition_preservation", "@name": "mongo_mysql_partition_preservation", "@time": "3332.812"}]}, "job_url": "https://product-ci.infra.mirantis.net/job/9.0.system_test.ubuntu.partition_preservation/162/", "job_status": "SUCCESS", "build_number": 162, "job_name": "9.0.system_test.ubuntu.partition_preservation", "job_description": "partition_preservation on 9.0-mos-567"}, "abort": false, "phaseName": "Run system tests", "duration": "3 hr 27 min", "failure_reasons": [], "icon": "blue.png"}, {"result": "SUCCESS", "retry": false, "parentJobName": "9.0.swarm.runner", "url": "job/9.0.system_test.ubuntu.plugins.fuel_plugin_example/166/", "parentBuildNumber": 160, "description": "fuel_plugin_example on 9.0-mos", "jobName": "9.0.system_test.ubuntu.plugins.fuel_plugin_example", "buildNumber": 166, "test_data": {"testsuite": {"@name": "nosetests", "@tests": "8", "@errors": "0", "@failures": "0", "@skip": "0", "testcase": [{"@classname": "setup_master", "@name": "setup_master", "@time": "1449.633"}, {"@classname": "prepare_release", "@name": "prepare_release", "@time": "87.098"}, {"@classname": "prepare_slaves_3", "@name": "prepare_slaves_3", "@time": "218.389"}, {"@classname": "deploy_ha_one_controller_neutron_example", "@name": "deploy_ha_one_controller_neutron_example", "@time": "3433.066"}, {"@classname": "deploy_ha_one_controller_neutron_example_v3", "@name": "deploy_ha_one_controller_neutron_example_v3", "@time": "3458.748"}, {"@classname": "prepare_slaves_5", "@name": "prepare_slaves_5", "@time": "296.432"}, {"@classname": "deploy_neutron_example_ha", "@name": "deploy_neutron_example_ha", "@time": "3915.552"}, {"@classname": "deploy_neutron_example_ha_add_node", "@name": "deploy_neutron_example_ha_add_node", "@time": "5612.883"}]}, "job_url": "https://product-ci.infra.mirantis.net/job/9.0.system_test.ubuntu.plugins.fuel_plugin_example/166/", "job_status": "SUCCESS", "build_number": 166, "job_name": "9.0.system_test.ubuntu.plugins.fuel_plugin_example", "job_description": "fuel_plugin_example on 9.0-mos"}, "abort": false, "phaseName": "Run system tests", "duration": "5 hr 24 min", "failure_reasons": [], "icon": "blue.png"}, {"result": "SUCCESS", "retry": false, "parentJobName": "9.0.swarm.runner", "url": "job/9.0.system_test.ubuntu.ha_neutron_public/162/", "parentBuildNumber": 160, "description": "ha_neutron_public on 9.0-mos-567", "jobName": "9.0.system_test.ubuntu.ha_neutron_public", "buildNumber": 162, "test_data": {"testsuite": {"@name": "nosetests", "@tests": "5", "@errors": "0", "@failures": "0", "@skip": "0", "testcase": [{"@classname": "setup_master", "@name": "setup_master", "@time": "1489.960"}, {"@classname": "prepare_release", "@name": "prepare_release", "@time": "95.490"}, {"@classname": "prepare_slaves_5", "@name": "prepare_slaves_5", "@time": "254.097"}, {"@classname": "deploy_neutron_tun_ha_with_public_network", "@name": "deploy_neutron_tun_ha_with_public_network", "@time": "4123.313"}, {"@classname": "deploy_neutron_vlan_ha_with_public_network", "@name": "deploy_neutron_vlan_ha_with_public_network", "@time": "4015.785"}]}, "job_url": "https://product-ci.infra.mirantis.net/job/9.0.system_test.ubuntu.ha_neutron_public/162/", "job_status": "SUCCESS", "build_number": 162, "job_name": "9.0.system_test.ubuntu.ha_neutron_public", "job_description": "ha_neutron_public on 9.0-mos-567"}, "abort": false, "phaseName": "Run system tests", "duration": "3 hr 3 min", "failure_reasons": [], "icon": "blue.png"}, {"result": "SUCCESS", "retry": false, "parentJobName": "9.0.swarm.runner", "url": "job/9.0.system_test.ubuntu.multirole/161/", "parentBuildNumber": 160, "description": "multirole on 9.0-mos-567", "jobName": "9.0.system_test.ubuntu.multirole", "buildNumber": 161, "test_data": {"testsuite": {"@name": "nosetests", "@tests": "7", "@errors": "0", "@failures": "0", "@skip": "0", "testcase": [{"@classname": "setup_master", "@name": "setup_master", "@time": "1452.475"}, {"@classname": "prepare_release", "@name": "prepare_release", "@time": "89.520"}, {"@classname": "prepare_slaves_3", "@name": "prepare_slaves_3", "@time": "230.236"}, {"@classname": "deploy_multirole_controller_cinder", "@name": "deploy_multirole_controller_cinder", "@time": "3829.154"}, {"@classname": "deploy_multirole_compute_cinder", "@name": "deploy_multirole_compute_cinder", "@time": "3555.505"}, {"@classname": "prepare_slaves_5", "@name": "prepare_slaves_5", "@time": "256.977"}, {"@classname": "deploy_multiple_services_local_mirror", "@name": "deploy_multiple_services_local_mirror", "@time": "4404.547"}]}, "job_url": "https://product-ci.infra.mirantis.net/job/9.0.system_test.ubuntu.multirole/161/", "job_status": "SUCCESS", "build_number": 161, "job_name": "9.0.system_test.ubuntu.multirole", "job_description": "multirole on 9.0-mos-567"}, "abort": false, "phaseName": "Run system tests", "duration": "4 hr 8 min", "failure_reasons": [], "icon": "blue.png"}, {"result": "SUCCESS", "retry": false, "parentJobName": "9.0.swarm.runner", "url": "job/9.0.system_test.ubuntu.rh/159/", "parentBuildNumber": 160, "description": "rh on 9.0-mos-567", "jobName": "9.0.system_test.ubuntu.rh", "buildNumber": 159, "test_data": {"testsuite": {"@name": "nosetests", "@tests": "6", "@errors": "0", "@failures": "0", "@skip": "0", "testcase": [{"@classname": "setup_master", "@name": "setup_master", "@time": "993.937"}, {"@classname": "prepare_release", "@name": "prepare_release", "@time": "75.371"}, {"@classname": "prepare_slaves_3", "@name": "prepare_slaves_3", "@time": "197.951"}, {"@classname": "deploy_rh_compute_ha_one_controller_tun", "@name": "deploy_rh_compute_ha_one_controller_tun", "@time": "3452.938"}, {"@classname": "check_rh_hard_reboot", "@name": "check_rh_hard_reboot", "@time": "141.970"}, {"@classname": "check_rh_warm_reboot", "@name": "check_rh_warm_reboot", "@time": "133.018"}]}, "job_url": "https://product-ci.infra.mirantis.net/job/9.0.system_test.ubuntu.rh/159/", "job_status": "SUCCESS", "build_number": 159, "job_name": "9.0.system_test.ubuntu.rh", "job_description": "rh on 9.0-mos-567"}, "abort": false, "phaseName": "Run system tests", "duration": "1 hr 48 min", "failure_reasons": [], "icon": "blue.png"}, {"result": "SUCCESS", "retry": false, "parentJobName": "9.0.swarm.runner", "url": "job/9.0.system_test.ubuntu.ceph_ha_one_controller/161/", "parentBuildNumber": 160, "description": "ceph_ha_one_controller on 9.0-mos-567", "jobName": "9.0.system_test.ubuntu.ceph_ha_one_controller", "buildNumber": 161, "test_data": {"testsuite": {"@name": "nosetests", "@tests": "7", "@errors": "0", "@failures": "0", "@skip": "0", "testcase": [{"@classname": "setup_master", "@name": "setup_master", "@time": "1550.628"}, {"@classname": "prepare_release", "@name": "prepare_release", "@time": "95.608"}, {"@classname": "prepare_slaves_3", "@name": "prepare_slaves_3", "@time": "280.252"}, {"@classname": "ceph_ha_one_controller_compact", "@name": "ceph_ha_one_controller_compact", "@time": "4013.803"}, {"@classname": "check_ceph_cinder_cow", "@name": "check_ceph_cinder_cow", "@time": "271.361"}, {"@classname": "migrate_vm_backed_with_ceph", "@name": "migrate_vm_backed_with_ceph", "@time": "4418.272"}, {"@classname": "check_ceph_partitions_after_reboot", "@name": "check_ceph_partitions_after_reboot", "@time": "4728.107"}]}, "job_url": "https://product-ci.infra.mirantis.net/job/9.0.system_test.ubuntu.ceph_ha_one_controller/161/", "job_status": "SUCCESS", "build_number": 161, "job_name": "9.0.system_test.ubuntu.ceph_ha_one_controller", "job_description": "ceph_ha_one_controller on 9.0-mos-567"}, "abort": false, "phaseName": "Run system tests", "duration": "4 hr 38 min", "failure_reasons": [], "icon": "blue.png"}, {"result": "SUCCESS", "retry": false, "parentJobName": "9.0.swarm.runner", "url": "job/9.0.system_test.ubuntu.thread_non_func_1/161/", "parentBuildNumber": 160, "description": "thread_non_func_1 on 9.0-mos-567", "jobName": "9.0.system_test.ubuntu.thread_non_func_1", "buildNumber": 161, "test_data": {"testsuite": {"@name": "nosetests", "@tests": "8", "@errors": "0", "@failures": "0", "@skip": "0", "testcase": [{"@classname": "setup_master", "@name": "setup_master", "@time": "1401.494"}, {"@classname": "prepare_release", "@name": "prepare_release", "@time": "88.478"}, {"@classname": "prepare_slaves_3", "@name": "prepare_slaves_3", "@time": "249.980"}, {"@classname": "deploy_ha_one_controller_neutron_master_node_fail", "@name": "deploy_ha_one_controller_neutron_master_node_fail", "@time": "3800.045"}, {"@classname": "prepare_slaves_5", "@name": "prepare_slaves_5", "@time": "281.035"}, {"@classname": "deploy_ha_dns_ntp", "@name": "deploy_ha_dns_ntp", "@time": "4053.172"}, {"@classname": "external_dns_ha", "@name": "external_dns_ha", "@time": "400.199"}, {"@classname": "external_ntp_ha", "@name": "external_ntp_ha", "@time": "392.009"}]}, "job_url": "https://product-ci.infra.mirantis.net/job/9.0.system_test.ubuntu.thread_non_func_1/161/", "job_status": "SUCCESS", "build_number": 161, "job_name": "9.0.system_test.ubuntu.thread_non_func_1", "job_description": "thread_non_func_1 on 9.0-mos-567"}, "abort": false, "phaseName": "Run system tests", "duration": "2 hr 59 min", "failure_reasons": [], "icon": "blue.png"}, {"result": "ABORTED", "retry": false, "parentJobName": "9.0.swarm.runner", "url": "job/9.0.system_test.ubuntu.unlock_settings_tab/41/", "parentBuildNumber": 160, "jobName": "9.0.system_test.ubuntu.unlock_settings_tab", "buildNumber": 41, "abort": true, "phaseName": "Run system tests", "duration": "", "icon": "aborted.png"}, {"result": "SUCCESS", "retry": false, "parentJobName": "9.0.swarm.runner", "url": "job/9.0.system_test.ubuntu.ha_neutron/162/", "parentBuildNumber": 160, "description": "ha_neutron on 9.0-mos-567", "jobName": "9.0.system_test.ubuntu.ha_neutron", "buildNumber": 162, "test_data": {"testsuite": {"@name": "nosetests", "@tests": "5", "@errors": "0", "@failures": "0", "@skip": "0", "testcase": [{"@classname": "setup_master", "@name": "setup_master", "@time": "1301.308"}, {"@classname": "prepare_release", "@name": "prepare_release", "@time": "68.418"}, {"@classname": "prepare_slaves_5", "@name": "prepare_slaves_5", "@time": "246.963"}, {"@classname": "deploy_neutron_gre_ha", "@name": "deploy_neutron_gre_ha", "@time": "3436.260"}, {"@classname": "deploy_neutron_vlan_ha", "@name": "deploy_neutron_vlan_ha", "@time": "3416.078"}]}, "job_url": "https://product-ci.infra.mirantis.net/job/9.0.system_test.ubuntu.ha_neutron/162/", "job_status": "SUCCESS", "build_number": 162, "job_name": "9.0.system_test.ubuntu.ha_neutron", "job_description": "ha_neutron on 9.0-mos-567"}, "abort": false, "phaseName": "Run system tests", "duration": "2 hr 22 min", "failure_reasons": [], "icon": "blue.png"}, {"result": "FAILURE", "retry": false, "parentJobName": "9.0.swarm.runner", "url": "job/9.0.system_test.ubuntu.services_ha_one_controller/161/", "parentBuildNumber": 160, "description": "services_ha_one_controller on 9.0-mos-567", "jobName": "9.0.system_test.ubuntu.services_ha_one_controller", "buildNumber": 161, "test_data": {"testsuite": {"@name": "nosetests", "@tests": "8", "@errors": "0", "@failures": "1", "@skip": "0", "testcase": [{"@classname": "setup_master", "@name": "setup_master", "@time": "1418.934"}, {"@classname": "prepare_release", "@name": "prepare_release", "@time": "78.866"}, {"@classname": "prepare_slaves_3", "@name": "prepare_slaves_3", "@time": "226.043"}, {"@classname": "deploy_sahara_ha_one_controller_tun", "@name": "deploy_sahara_ha_one_controller_tun", "@time": "3640.267"}, {"@classname": "deploy_murano_ha_one_controller_tun", "@name": "deploy_murano_ha_one_controller_tun", "@time": "3089.235"}, {"@classname": "deploy_ceilometer_ha_one_controller_multirole", "@name": "deploy_ceilometer_ha_one_controller_multirole", "@time": "3873.791"}, {"@classname": "deploy_ceilometer_ha_one_controller_with_mongo", "@name": "deploy_ceilometer_ha_one_controller_with_mongo", "@time": "3808.473"}, {"@classname": "deploy_heat_ha_one_controller_neutron", "@name": "deploy_heat_ha_one_controller_neutron", "@time": "4172.782", "failure": {"@type": "exceptions.AssertionError", "@message": "The following tests have not succeeded, while they must have passed: \n  - Check stack autoscaling (fuel_health.tests.tests_platform.test_heat.HeatSmokeTests.test_autoscaling). Test status: failure, message: Time limit exceeded while waiting for launching the new instance per autoscaling alarm to finish. Please refer to OpenStack logs for more details.", "#text": "Traceback (most recent call last):\n  File \"/usr/lib/python2.7/unittest/case.py\", line 331, in run\n    testMethod()\n  File \"/usr/lib/python2.7/unittest/case.py\", line 1043, in runTest\n    self._testFunc()\n  File \"/home/jenkins/venv-nailgun-tests-2.9/local/lib/python2.7/site-packages/proboscis/case.py\", line 296, in testng_method_mistake_capture_func\n    compatability.capture_type_error(s_func)\n  File \"/home/jenkins/venv-nailgun-tests-2.9/local/lib/python2.7/site-packages/proboscis/compatability/exceptions_2_6.py\", line 27, in capture_type_error\n    func()\n  File \"/home/jenkins/venv-nailgun-tests-2.9/local/lib/python2.7/site-packages/proboscis/case.py\", line 350, in func\n    func(test_case.state.get_state())\n  File \"/home/jenkins/workspace/9.0.system_test.ubuntu.services_ha_one_controller/fuelweb_test/helpers/decorators.py\", line 120, in wrapper\n    result = func(*args, **kwargs)\n  File \"/home/jenkins/workspace/9.0.system_test.ubuntu.services_ha_one_controller/fuelweb_test/tests/test_services.py\", line 885, in deploy_heat_ha_one_controller_neutron\n    test_name=test_name, timeout=60 * 60)\n  File \"/home/jenkins/workspace/9.0.system_test.ubuntu.services_ha_one_controller/fuelweb_test/__init__.py\", line 59, in wrapped\n    result = func(*args, **kwargs)\n  File \"/home/jenkins/workspace/9.0.system_test.ubuntu.services_ha_one_controller/fuelweb_test/models/fuel_web_client.py\", line 1318, in run_single_ostf_test\n    timeout=timeout)\n  File \"/home/jenkins/workspace/9.0.system_test.ubuntu.services_ha_one_controller/fuelweb_test/__init__.py\", line 59, in wrapped\n    result = func(*args, **kwargs)\n  File \"/home/jenkins/workspace/9.0.system_test.ubuntu.services_ha_one_controller/fuelweb_test/models/fuel_web_client.py\", line 228, in assert_ostf_run_certain\n    indent=1)))\n  File \"/home/jenkins/venv-nailgun-tests-2.9/local/lib/python2.7/site-packages/proboscis/asserts.py\", line 163, in assert_true\n    raise ASSERTION_ERROR(message)\nAssertionError: The following tests have not succeeded, while they must have passed: \n  - Check stack autoscaling (fuel_health.tests.tests_platform.test_heat.HeatSmokeTests.test_autoscaling). Test status: failure, message: Time limit exceeded while waiting for launching the new instance per autoscaling alarm to finish. Please refer to OpenStack logs for more details."}}]}, "job_url": "https://product-ci.infra.mirantis.net/job/9.0.system_test.ubuntu.services_ha_one_controller/161/", "job_status": "FAILURE", "build_number": 161, "job_name": "9.0.system_test.ubuntu.services_ha_one_controller", "job_description": "services_ha_one_controller on 9.0-mos-567"}, "abort": false, "phaseName": "Run system tests", "duration": "5 hr 39 min", "failure_reasons": [{"job_status": "FAILURE", "failure": "failure___type___exceptions.AssertionError___message___The following tests have not succeeded, while they must have passed: \n  - Check stack autoscaling (fuel_health.tests.tests_platform.test_heat.HeatSmokeTests.test_autoscaling). Test status: failure, message: Time limit exceeded while waiting for launching the new instance per autoscaling alarm to finish. Please refer to OpenStack logs for more details.", "job_url": "https://product-ci.infra.mirantis.net/job/9.0.system_test.ubuntu.services_ha_one_controller/161/", "build_number": 161, "test": "deploy_heat_ha_one_controller_neutron", "test_fail_url": "https://product-ci.infra.mirantis.net/job/9.0.system_test.ubuntu.services_ha_one_controller/161/testReport/(root)/deploy_heat_ha_one_controller_neutron/deploy_heat_ha_one_controller_neutron", "failure_origin": "failure___type___exceptions.AssertionError___message___The following tests have not succeeded, while they must have passed: \n  - Check stack autoscaling (fuel_health.tests.tests_platform.test_heat.HeatSmokeTests.test_autoscaling). Test status: failure, message: Time limit exceeded while waiting for launching the new instance per autoscaling alarm to finish. Please refer to OpenStack logs for more details.", "job_name": "9.0.system_test.ubuntu.services_ha_one_controller"}], "icon": "red.png"}, {"result": "SUCCESS", "retry": false, "parentJobName": "9.0.swarm.runner", "url": "job/9.0.system_test.ubuntu.thread_7/161/", "parentBuildNumber": 160, "description": "thread_7 on 9.0-mos-567", "jobName": "9.0.system_test.ubuntu.thread_7", "buildNumber": 161, "test_data": {"testsuite": {"@name": "nosetests", "@tests": "7", "@errors": "0", "@failures": "0", "@skip": "0", "testcase": [{"@classname": "setup_master", "@name": "setup_master", "@time": "1378.058"}, {"@classname": "prepare_release", "@name": "prepare_release", "@time": "74.932"}, {"@classname": "deploy_ceph_ha_nodegroups", "@name": "deploy_ceph_ha_nodegroups", "@time": "4415.627"}, {"@classname": "deploy_controllers_from_custom_nodegroup", "@name": "deploy_controllers_from_custom_nodegroup", "@time": "4241.394"}, {"@classname": "delete_custom_nodegroup", "@name": "delete_custom_nodegroup", "@time": "612.178"}, {"@classname": "deploy_neutron_tun_ha_nodegroups", "@name": "deploy_neutron_tun_ha_nodegroups", "@time": "4201.376"}, {"@classname": "add_custom_nodegroup", "@name": "add_custom_nodegroup", "@time": "2020.516"}]}, "job_url": "https://product-ci.infra.mirantis.net/job/9.0.system_test.ubuntu.thread_7/161/", "job_status": "SUCCESS", "build_number": 161, "job_name": "9.0.system_test.ubuntu.thread_7", "job_description": "thread_7 on 9.0-mos-567"}, "abort": false, "phaseName": "Run system tests", "duration": "4 hr 43 min", "failure_reasons": [], "icon": "blue.png"}, {"result": "SUCCESS", "retry": false, "parentJobName": "9.0.swarm.runner", "url": "job/9.0.system_test.ubuntu.custom_graph/47/", "parentBuildNumber": 160, "description": "custom_graph on 9.0-mos-567", "jobName": "9.0.system_test.ubuntu.custom_graph", "buildNumber": 47, "test_data": {"testsuite": {"@name": "nosetests", "@tests": "11", "@errors": "0", "@failures": "0", "@skip": "0", "testcase": [{"@classname": "setup_master", "@name": "setup_master", "@time": "1387.452"}, {"@classname": "prepare_release", "@name": "prepare_release", "@time": "84.861"}, {"@classname": "pre_provision_ubuntu_slaves_3", "@name": "pre_provision_ubuntu_slaves_3", "@time": "724.521"}, {"@classname": "custom_graph_leakage", "@name": "custom_graph_leakage", "@time": "3236.701"}, {"@classname": "custom_yaql_expression_tasks", "@name": "custom_yaql_expression_tasks", "@time": "406.455"}, {"@classname": "default_graph_leakage", "@name": "default_graph_leakage", "@time": "444.272"}, {"@classname": "default_is_from_puppet", "@name": "default_is_from_puppet", "@time": "184.015"}, {"@classname": "information_at_graphs_handler", "@name": "information_at_graphs_handler", "@time": "390.333"}, {"@classname": "master_node_tasks", "@name": "master_node_tasks", "@time": "205.423"}, {"@classname": "tasks_merge_cluster_and_release", "@name": "tasks_merge_cluster_and_release", "@time": "183.907"}, {"@classname": "two_custom_graphs_interfere", "@name": "two_custom_graphs_interfere", "@time": "428.119"}]}, "job_url": "https://product-ci.infra.mirantis.net/job/9.0.system_test.ubuntu.custom_graph/47/", "job_status": "SUCCESS", "build_number": 47, "job_name": "9.0.system_test.ubuntu.custom_graph", "job_description": "custom_graph on 9.0-mos-567"}, "abort": false, "phaseName": "Run system tests", "duration": "2 hr 9 min", "failure_reasons": [], "icon": "blue.png"}, {"result": "SUCCESS", "retry": false, "parentJobName": "9.0.swarm.runner", "url": "job/9.0.system_test.ubuntu.plugins.thread_db_separate_services/161/", "parentBuildNumber": 160, "description": "thread_db_separate_services on 9.0-mos", "jobName": "9.0.system_test.ubuntu.plugins.thread_db_separate_services", "buildNumber": 161, "test_data": {"testsuite": {"@name": "nosetests", "@tests": "8", "@errors": "0", "@failures": "0", "@skip": "0", "testcase": [{"@classname": "setup_master", "@name": "setup_master", "@time": "1547.013"}, {"@classname": "prepare_release", "@name": "prepare_release", "@time": "91.939"}, {"@classname": "prepare_slaves_9", "@name": "prepare_slaves_9", "@time": "436.656"}, {"@classname": "separate_db_service", "@name": "separate_db_service", "@time": "5079.396"}, {"@classname": "separate_db_service_add_delete_node", "@name": "separate_db_service_add_delete_node", "@time": "3658.270"}, {"@classname": "separate_db_service_controller_shutdown", "@name": "separate_db_service_controller_shutdown", "@time": "1745.355"}, {"@classname": "separate_db_service_restart", "@name": "separate_db_service_restart", "@time": "1360.217"}, {"@classname": "separate_db_service_shutdown", "@name": "separate_db_service_shutdown", "@time": "1321.322"}]}, "job_url": "https://product-ci.infra.mirantis.net/job/9.0.system_test.ubuntu.plugins.thread_db_separate_services/161/", "job_status": "SUCCESS", "build_number": 161, "job_name": "9.0.system_test.ubuntu.plugins.thread_db_separate_services", "job_description": "thread_db_separate_services on 9.0-mos"}, "abort": false, "phaseName": "Run system tests", "duration": "4 hr 16 min", "failure_reasons": [], "icon": "blue.png"}, {"result": "SUCCESS", "retry": false, "parentJobName": "9.0.swarm.runner", "url": "job/9.0.system_test.ubuntu.ready_node_reinstallation/163/", "parentBuildNumber": 160, "description": "ready_node_reinstallation on 9.0-mos-567", "jobName": "9.0.system_test.ubuntu.ready_node_reinstallation", "buildNumber": 163, "test_data": {"testsuite": {"@name": "nosetests", "@tests": "7", "@errors": "0", "@failures": "0", "@skip": "0", "testcase": [{"@classname": "setup_master", "@name": "setup_master", "@time": "1350.658"}, {"@classname": "prepare_release", "@name": "prepare_release", "@time": "80.291"}, {"@classname": "prepare_slaves_5", "@name": "prepare_slaves_5", "@time": "258.603"}, {"@classname": "node_reinstallation_env", "@name": "node_reinstallation_env", "@time": "4690.801"}, {"@classname": "reinstall_single_compute_node", "@name": "reinstall_single_compute_node", "@time": "1823.193"}, {"@classname": "reinstall_single_primary_controller_node", "@name": "reinstall_single_primary_controller_node", "@time": "3917.511"}, {"@classname": "reinstall_single_regular_controller_node", "@name": "reinstall_single_regular_controller_node", "@time": "3173.491"}]}, "job_url": "https://product-ci.infra.mirantis.net/job/9.0.system_test.ubuntu.ready_node_reinstallation/163/", "job_status": "SUCCESS", "build_number": 163, "job_name": "9.0.system_test.ubuntu.ready_node_reinstallation", "job_description": "ready_node_reinstallation on 9.0-mos-567"}, "abort": false, "phaseName": "Run system tests", "duration": "4 hr 15 min", "failure_reasons": [], "icon": "blue.png"}, {"result": "SUCCESS", "retry": false, "parentJobName": "9.0.swarm.runner", "url": "job/9.0.system_test.ubuntu.system_test.deploy_centos_master/50/", "parentBuildNumber": 160, "description": "system_test.deploy_centos_master on 9.0-mos-567", "jobName": "9.0.system_test.ubuntu.system_test.deploy_centos_master", "buildNumber": 50, "test_data": {"testsuite": {"@name": "nosetests", "@tests": "15", "@errors": "0", "@failures": "0", "@skip": "0", "testcase": [{"@classname": "Case_CentosDeployCheckRadosGW__Config_centos_master_ceph_all_on_neutron_vlan", "@name": "StartCase", "@time": "0.020"}, {"@classname": "Case_CentosDeployCheckRadosGW__Config_centos_master_ceph_all_on_neutron_vlan", "@name": "Step000_setup_centos_master", "@time": "1072.138"}, {"@classname": "Case_CentosDeployCheckRadosGW__Config_centos_master_ceph_all_on_neutron_vlan", "@name": "Step001_config_release", "@time": "54.898"}, {"@classname": "Case_CentosDeployCheckRadosGW__Config_centos_master_ceph_all_on_neutron_vlan", "@name": "Step002_make_slaves", "@time": "219.973"}, {"@classname": "Case_CentosDeployCheckRadosGW__Config_centos_master_ceph_all_on_neutron_vlan", "@name": "Step003_revert_slaves", "@time": "128.934"}, {"@classname": "Case_CentosDeployCheckRadosGW__Config_centos_master_ceph_all_on_neutron_vlan", "@name": "Step004_create_env", "@time": "7.108"}, {"@classname": "Case_CentosDeployCheckRadosGW__Config_centos_master_ceph_all_on_neutron_vlan", "@name": "Step005_add_nodes", "@time": "1.203"}, {"@classname": "Case_CentosDeployCheckRadosGW__Config_centos_master_ceph_all_on_neutron_vlan", "@name": "Step006_network_check", "@time": "50.430"}, {"@classname": "Case_CentosDeployCheckRadosGW__Config_centos_master_ceph_all_on_neutron_vlan", "@name": "Step007_deploy_cluster", "@time": "2526.209"}, {"@classname": "Case_CentosDeployCheckRadosGW__Config_centos_master_ceph_all_on_neutron_vlan", "@name": "Step008_network_check", "@time": "50.383"}, {"@classname": "Case_CentosDeployCheckRadosGW__Config_centos_master_ceph_all_on_neutron_vlan", "@name": "Step009_check_haproxy", "@time": "0.126"}, {"@classname": "Case_CentosDeployCheckRadosGW__Config_centos_master_ceph_all_on_neutron_vlan", "@name": "Step010_check_ceph_status", "@time": "5.428"}, {"@classname": "Case_CentosDeployCheckRadosGW__Config_centos_master_ceph_all_on_neutron_vlan", "@name": "Step011_health_check", "@time": "286.362"}, {"@classname": "Case_CentosDeployCheckRadosGW__Config_centos_master_ceph_all_on_neutron_vlan", "@name": "Step012_check_rados_daemon", "@time": "0.995"}, {"@classname": "Case_CentosDeployCheckRadosGW__Config_centos_master_ceph_all_on_neutron_vlan", "@name": "FinishCase", "@time": "0.000"}]}, "job_url": "https://product-ci.infra.mirantis.net/job/9.0.system_test.ubuntu.system_test.deploy_centos_master/50/", "job_status": "SUCCESS", "build_number": 50, "job_name": "9.0.system_test.ubuntu.system_test.deploy_centos_master", "job_description": "system_test.deploy_centos_master on 9.0-mos-567"}, "abort": false, "phaseName": "Run system tests", "duration": "1 hr 13 min", "failure_reasons": [], "icon": "blue.png"}, {"result": "FAILURE", "retry": false, "parentJobName": "9.0.swarm.runner", "url": "job/9.0.system_test.ubuntu.repetitive_restart/129/", "parentBuildNumber": 160, "description": "repetitive_restart on 9.0-mos-567", "jobName": "9.0.system_test.ubuntu.repetitive_restart", "buildNumber": 129, "test_data": {"testsuite": {"@name": "nosetests", "@tests": "4", "@errors": "0", "@failures": "1", "@skip": "0", "testcase": [{"@classname": "setup_master", "@name": "setup_master", "@time": "1112.981"}, {"@classname": "prepare_release", "@name": "prepare_release", "@time": "72.308"}, {"@classname": "prepare_slaves_5", "@name": "prepare_slaves_5", "@time": "199.354"}, {"@classname": "ceph_partitions_repetitive_cold_restart", "@name": "ceph_partitions_repetitive_cold_restart", "@time": "9282.667", "failure": {"@type": "exceptions.AssertionError", "@message": "Node slave-01 has not become online after cold start", "#text": "Traceback (most recent call last):\n  File \"/usr/lib/python2.7/unittest/case.py\", line 331, in run\n    testMethod()\n  File \"/usr/lib/python2.7/unittest/case.py\", line 1043, in runTest\n    self._testFunc()\n  File \"/home/jenkins/venv-nailgun-tests-2.9/local/lib/python2.7/site-packages/proboscis/case.py\", line 296, in testng_method_mistake_capture_func\n    compatability.capture_type_error(s_func)\n  File \"/home/jenkins/venv-nailgun-tests-2.9/local/lib/python2.7/site-packages/proboscis/compatability/exceptions_2_6.py\", line 27, in capture_type_error\n    func()\n  File \"/home/jenkins/venv-nailgun-tests-2.9/local/lib/python2.7/site-packages/proboscis/case.py\", line 350, in func\n    func(test_case.state.get_state())\n  File \"/home/jenkins/workspace/9.0.system_test.ubuntu.repetitive_restart/fuelweb_test/helpers/decorators.py\", line 120, in wrapper\n    result = func(*args, **kwargs)\n  File \"/home/jenkins/workspace/9.0.system_test.ubuntu.repetitive_restart/fuelweb_test/helpers/decorators.py\", line 817, in wrapper\n    result = func(*args, **kwargs)\n  File \"/home/jenkins/workspace/9.0.system_test.ubuntu.repetitive_restart/fuelweb_test/tests/tests_strength/test_repetitive_restart.py\", line 120, in ceph_partitions_repetitive_cold_restart\n    'slave-05']))\n  File \"/home/jenkins/workspace/9.0.system_test.ubuntu.repetitive_restart/fuelweb_test/models/fuel_web_client.py\", line 2031, in cold_restart_nodes\n    ' after cold start'.format(node.name))\n  File \"/home/jenkins/venv-nailgun-tests-2.9/local/lib/python2.7/site-packages/proboscis/asserts.py\", line 163, in assert_true\n    raise ASSERTION_ERROR(message)\nAssertionError: Node slave-01 has not become online after cold start"}}]}, "job_url": "https://product-ci.infra.mirantis.net/job/9.0.system_test.ubuntu.repetitive_restart/129/", "job_status": "FAILURE", "build_number": 129, "job_name": "9.0.system_test.ubuntu.repetitive_restart", "job_description": "repetitive_restart on 9.0-mos-567"}, "abort": false, "phaseName": "Run system tests", "duration": "2 hr 58 min", "failure_reasons": [{"job_status": "FAILURE", "failure": "failure___type___exceptions.AssertionError___message___Node slave-x has not become online after cold start", "job_url": "https://product-ci.infra.mirantis.net/job/9.0.system_test.ubuntu.repetitive_restart/129/", "build_number": 129, "test": "ceph_partitions_repetitive_cold_restart", "test_fail_url": "https://product-ci.infra.mirantis.net/job/9.0.system_test.ubuntu.repetitive_restart/129/testReport/(root)/ceph_partitions_repetitive_cold_restart/ceph_partitions_repetitive_cold_restart", "failure_origin": "failure___type___exceptions.AssertionError___message___Node slave-01 has not become online after cold start", "job_name": "9.0.system_test.ubuntu.repetitive_restart"}], "icon": "red.png"}, {"result": "SUCCESS", "retry": false, "parentJobName": "9.0.swarm.runner", "url": "job/9.0.system_test.ubuntu.smoke_test_configdb/39/", "parentBuildNumber": 160, "description": "smoke_test_configdb on 9.0-mos-567", "jobName": "9.0.system_test.ubuntu.smoke_test_configdb", "buildNumber": 39, "test_data": {"testsuite": {"@name": "nosetests", "@tests": "4", "@errors": "0", "@failures": "0", "@skip": "0", "testcase": [{"@classname": "setup_master", "@name": "setup_master", "@time": "1131.102"}, {"@classname": "create_component_and_env_configdb", "@name": "create_component_and_env_configdb", "@time": "167.645"}, {"@classname": "get_upload_resource_value", "@name": "get_upload_resource_value", "@time": "72.654"}, {"@classname": "override_resource_value", "@name": "override_resource_value", "@time": "71.317"}]}, "job_url": "https://product-ci.infra.mirantis.net/job/9.0.system_test.ubuntu.smoke_test_configdb/39/", "job_status": "SUCCESS", "build_number": 39, "job_name": "9.0.system_test.ubuntu.smoke_test_configdb", "job_description": "smoke_test_configdb on 9.0-mos-567"}, "abort": false, "phaseName": "Run system tests", "duration": "24 min", "failure_reasons": [], "icon": "blue.png"}, {"result": "SUCCESS", "retry": false, "parentJobName": "9.0.swarm.runner", "url": "job/9.0.system_test.ubuntu.logrotate/162/", "parentBuildNumber": 160, "description": "logrotate on 9.0-mos-567", "jobName": "9.0.system_test.ubuntu.logrotate", "buildNumber": 162, "test_data": {"testsuite": {"@name": "nosetests", "@tests": "5", "@errors": "0", "@failures": "0", "@skip": "0", "testcase": [{"@classname": "setup_master", "@name": "setup_master", "@time": "1386.213"}, {"@classname": "test_fuel_nondaily_rotation", "@name": "test_fuel_nondaily_rotation", "@time": "112.925"}, {"@classname": "test_log_rotation", "@name": "test_log_rotation", "@time": "108.433"}, {"@classname": "test_log_rotation_101mb", "@name": "test_log_rotation_101mb", "@time": "88.539"}, {"@classname": "test_log_rotation_one_week_11mb", "@name": "test_log_rotation_one_week_11mb", "@time": "93.426"}]}, "job_url": "https://product-ci.infra.mirantis.net/job/9.0.system_test.ubuntu.logrotate/162/", "job_status": "SUCCESS", "build_number": 162, "job_name": "9.0.system_test.ubuntu.logrotate", "job_description": "logrotate on 9.0-mos-567"}, "abort": false, "phaseName": "Run system tests", "duration": "30 min", "failure_reasons": [], "icon": "blue.png"}, {"result": "SUCCESS", "retry": false, "parentJobName": "9.0.swarm.runner", "url": "job/9.0.system_test.ubuntu.multiracks_2/92/", "parentBuildNumber": 160, "description": "multiracks_2 on 9.0-mos-567", "jobName": "9.0.system_test.ubuntu.multiracks_2", "buildNumber": 92, "test_data": {"testsuite": {"@name": "nosetests", "@tests": "3", "@errors": "0", "@failures": "0", "@skip": "0", "testcase": [{"@classname": "setup_master", "@name": "setup_master", "@time": "1413.305"}, {"@classname": "prepare_release", "@name": "prepare_release", "@time": "74.066"}, {"@classname": "two_nodegroups_network_templates", "@name": "two_nodegroups_network_templates", "@time": "5324.976"}]}, "job_url": "https://product-ci.infra.mirantis.net/job/9.0.system_test.ubuntu.multiracks_2/92/", "job_status": "SUCCESS", "build_number": 92, "job_name": "9.0.system_test.ubuntu.multiracks_2", "job_description": "multiracks_2 on 9.0-mos-567"}, "abort": false, "phaseName": "Run system tests", "duration": "1 hr 54 min", "failure_reasons": [], "icon": "blue.png"}, {"result": "SUCCESS", "retry": false, "parentJobName": "9.0.swarm.runner", "url": "job/9.0.system_test.ubuntu.cic_maintenance_mode/164/", "parentBuildNumber": 160, "description": "cic_maintenance_mode on 9.0-mos-567", "jobName": "9.0.system_test.ubuntu.cic_maintenance_mode", "buildNumber": 164, "test_data": {"testsuite": {"@name": "nosetests", "@tests": "8", "@errors": "0", "@failures": "0", "@skip": "0", "testcase": [{"@classname": "setup_master", "@name": "setup_master", "@time": "1588.141"}, {"@classname": "prepare_release", "@name": "prepare_release", "@time": "92.733"}, {"@classname": "prepare_slaves_5", "@name": "prepare_slaves_5", "@time": "269.956"}, {"@classname": "cic_maintenance_mode_env", "@name": "cic_maintenance_mode_env", "@time": "5475.943"}, {"@classname": "auto_cic_maintenance_mode", "@name": "auto_cic_maintenance_mode", "@time": "1658.618"}, {"@classname": "manual_cic_maintenance_mode", "@name": "manual_cic_maintenance_mode", "@time": "1696.989"}, {"@classname": "negative_auto_cic_maintenance_mode", "@name": "negative_auto_cic_maintenance_mode", "@time": "1496.468"}, {"@classname": "negative_manual_cic_maintenance_mode", "@name": "negative_manual_cic_maintenance_mode", "@time": "1133.709"}]}, "job_url": "https://product-ci.infra.mirantis.net/job/9.0.system_test.ubuntu.cic_maintenance_mode/164/", "job_status": "SUCCESS", "build_number": 164, "job_name": "9.0.system_test.ubuntu.cic_maintenance_mode", "job_description": "cic_maintenance_mode on 9.0-mos-567"}, "abort": false, "phaseName": "Run system tests", "duration": "3 hr 44 min", "failure_reasons": [], "icon": "blue.png"}, {"result": "FAILURE", "retry": false, "parentJobName": "9.0.swarm.runner", "url": "job/9.0.system_test.ubuntu.bonding_ha/162/", "parentBuildNumber": 160, "description": "bonding_ha on 9.0-mos-567", "jobName": "9.0.system_test.ubuntu.bonding_ha", "buildNumber": 162, "test_data": {"testsuite": {"@name": "nosetests", "@tests": "6", "@errors": "0", "@failures": "1", "@skip": "0", "testcase": [{"@classname": "setup_master", "@name": "setup_master", "@time": "1243.368"}, {"@classname": "prepare_release", "@name": "prepare_release", "@time": "69.904"}, {"@classname": "prepare_slaves_5", "@name": "prepare_slaves_5", "@time": "220.091"}, {"@classname": "bonding_conf_consistency", "@name": "bonding_conf_consistency", "@time": "3104.715"}, {"@classname": "deploy_bonding_neutron_tun", "@name": "deploy_bonding_neutron_tun", "@time": "5196.787"}, {"@classname": "deploy_bonding_neutron_vlan", "@name": "deploy_bonding_neutron_vlan", "@time": "5086.912", "failure": {"@type": "exceptions.AssertionError", "@message": "Failed 7 OSTF tests; should fail 0 tests. Names of failed tests: \n  - Check state of haproxy backends on controllers (failure)     Can not set proxy for Health Check.Make sure that network configuration for controllers is correct\n  - Check data replication over mysql (failure)     Can not set proxy for Health Check.Make sure that network configuration for controllers is correct\n  - Check if amount of tables in databases is the same on each node (failure)     Can not set proxy for Health Check.Make sure that network configuration for controllers is correct\n  - Check galera environment state (failure)     Can not set proxy for Health Check.Make sure that network configuration for controllers is correct\n  - Check pacemaker status (failure)     Can not set proxy for Health Check.Make sure that network configuration for controllers is correct\n  - RabbitMQ availability (failure)     Can not set proxy for Health Check.Make sure that network configuration for controllers is correct\n  - RabbitMQ replication (failure)     Can not set proxy for Health Check.Make sure that network configuration for controllers is correct", "#text": "Traceback (most recent call last):\n  File \"/usr/lib/python2.7/unittest/case.py\", line 331, in run\n    testMethod()\n  File \"/usr/lib/python2.7/unittest/case.py\", line 1043, in runTest\n    self._testFunc()\n  File \"/home/jenkins/venv-nailgun-tests-2.9/local/lib/python2.7/site-packages/proboscis/case.py\", line 296, in testng_method_mistake_capture_func\n    compatability.capture_type_error(s_func)\n  File \"/home/jenkins/venv-nailgun-tests-2.9/local/lib/python2.7/site-packages/proboscis/compatability/exceptions_2_6.py\", line 27, in capture_type_error\n    func()\n  File \"/home/jenkins/venv-nailgun-tests-2.9/local/lib/python2.7/site-packages/proboscis/case.py\", line 350, in func\n    func(test_case.state.get_state())\n  File \"/home/jenkins/workspace/9.0.system_test.ubuntu.bonding_ha/fuelweb_test/helpers/decorators.py\", line 120, in wrapper\n    result = func(*args, **kwargs)\n  File \"/home/jenkins/workspace/9.0.system_test.ubuntu.bonding_ha/fuelweb_test/tests/test_bonding.py\", line 331, in deploy_bonding_neutron_vlan\n    self.fuel_web.assert_ha_services_ready(cluster_id)\n  File \"/home/jenkins/workspace/9.0.system_test.ubuntu.bonding_ha/fuelweb_test/__init__.py\", line 59, in wrapped\n    result = func(*args, **kwargs)\n  File \"/home/jenkins/workspace/9.0.system_test.ubuntu.bonding_ha/fuelweb_test/models/fuel_web_client.py\", line 179, in assert_ha_services_ready\n    interval=20, timeout=timeout)\n  File \"/home/jenkins/venv-nailgun-tests-2.9/local/lib/python2.7/site-packages/devops/helpers/helpers.py\", line 114, in _wait\n    return raising_predicate()\n  File \"/home/jenkins/workspace/9.0.system_test.ubuntu.bonding_ha/fuelweb_test/models/fuel_web_client.py\", line 178, in <lambda>\n    should_fail=should_fail),\n  File \"/home/jenkins/workspace/9.0.system_test.ubuntu.bonding_ha/fuelweb_test/__init__.py\", line 59, in wrapped\n    result = func(*args, **kwargs)\n  File \"/home/jenkins/workspace/9.0.system_test.ubuntu.bonding_ha/fuelweb_test/models/fuel_web_client.py\", line 1287, in run_ostf\n    failed_test_name=failed_test_name, test_sets=test_sets)\n  File \"/home/jenkins/workspace/9.0.system_test.ubuntu.bonding_ha/fuelweb_test/__init__.py\", line 59, in wrapped\n    result = func(*args, **kwargs)\n  File \"/home/jenkins/workspace/9.0.system_test.ubuntu.bonding_ha/fuelweb_test/models/fuel_web_client.py\", line 277, in assert_ostf_run\n    indent=1)))\n  File \"/home/jenkins/venv-nailgun-tests-2.9/local/lib/python2.7/site-packages/proboscis/asserts.py\", line 163, in assert_true\n    raise ASSERTION_ERROR(message)\nAssertionError: Failed 7 OSTF tests; should fail 0 tests. Names of failed tests: \n  - Check state of haproxy backends on controllers (failure)     Can not set proxy for Health Check.Make sure that network configuration for controllers is correct\n  - Check data replication over mysql (failure)     Can not set proxy for Health Check.Make sure that network configuration for controllers is correct\n  - Check if amount of tables in databases is the same on each node (failure)     Can not set proxy for Health Check.Make sure that network configuration for controllers is correct\n  - Check galera environment state (failure)     Can not set proxy for Health Check.Make sure that network configuration for controllers is correct\n  - Check pacemaker status (failure)     Can not set proxy for Health Check.Make sure that network configuration for controllers is correct\n  - RabbitMQ availability (failure)     Can not set proxy for Health Check.Make sure that network configuration for controllers is correct\n  - RabbitMQ replication (failure)     Can not set proxy for Health Check.Make sure that network configuration for controllers is correct"}}]}, "job_url": "https://product-ci.infra.mirantis.net/job/9.0.system_test.ubuntu.bonding_ha/162/", "job_status": "FAILURE", "build_number": 162, "job_name": "9.0.system_test.ubuntu.bonding_ha", "job_description": "bonding_ha on 9.0-mos-567"}, "abort": false, "phaseName": "Run system tests", "duration": "4 hr 9 min", "failure_reasons": [{"job_status": "FAILURE", "failure": "failure___type___exceptions.AssertionError___message___Failed x OSTF tests; should fail x tests. Names of failed tests: \n  - Check state of haproxy backends on controllers (failure)     Can not set proxy for Health Check.Make sure that network configuration for controllers is correct\n  - Check data replication over mysql (failure)     Can not set proxy for Health Check.Make sure that network configuration for controllers is correct\n  - Check if amount of tables in databases is the same on each node (failure)     Can not set proxy for Health Check.Make sure that network configuration for controllers is correct\n  - Check galera environment state (failure)     Can not set proxy for Health Check.Make sure that network configuration for controllers is correct\n  - Check pacemaker status (failure)     Can not set proxy for Health Check.Make sure that network configuration for controllers is correct\n  - RabbitMQ availability (failure)     Can not set proxy for Health Check.Make sure that network configuration for controllers is correct\n  - RabbitMQ replication (failure)     Can not set proxy for Health Check.Make sure that network configuration for controllers is correct", "job_url": "https://product-ci.infra.mirantis.net/job/9.0.system_test.ubuntu.bonding_ha/162/", "build_number": 162, "test": "deploy_bonding_neutron_vlan", "test_fail_url": "https://product-ci.infra.mirantis.net/job/9.0.system_test.ubuntu.bonding_ha/162/testReport/(root)/deploy_bonding_neutron_vlan/deploy_bonding_neutron_vlan", "failure_origin": "failure___type___exceptions.AssertionError___message___Failed 7 OSTF tests; should fail 0 tests. Names of failed tests: \n  - Check state of haproxy backends on controllers (failure)     Can not set proxy for Health Check.Make sure that network configuration for controllers is correct\n  - Check data replication over mysql (failure)     Can not set proxy for Health Check.Make sure that network configuration for controllers is correct\n  - Check if amount of tables in databases is the same on each node (failure)     Can not set proxy for Health Check.Make sure that network configuration for controllers is correct\n  - Check galera environment state (failure)     Can not set proxy for Health Check.Make sure that network configuration for controllers is correct\n  - Check pacemaker status (failure)     Can not set proxy for Health Check.Make sure that network configuration for controllers is correct\n  - RabbitMQ availability (failure)     Can not set proxy for Health Check.Make sure that network configuration for controllers is correct\n  - RabbitMQ replication (failure)     Can not set proxy for Health Check.Make sure that network configuration for controllers is correct", "job_name": "9.0.system_test.ubuntu.bonding_ha"}], "icon": "red.png"}, {"result": "SUCCESS", "retry": false, "parentJobName": "9.0.swarm.runner", "url": "job/9.0.system_test.ubuntu.ha_destructive_ceph_neutron/161/", "parentBuildNumber": 160, "description": "ha_destructive_ceph_neutron on 9.0-mos-567", "jobName": "9.0.system_test.ubuntu.ha_destructive_ceph_neutron", "buildNumber": 161, "test_data": {"testsuite": {"@name": "nosetests", "@tests": "5", "@errors": "0", "@failures": "0", "@skip": "0", "testcase": [{"@classname": "setup_master", "@name": "setup_master", "@time": "1151.036"}, {"@classname": "prepare_release", "@name": "prepare_release", "@time": "68.170"}, {"@classname": "prepare_slaves_5", "@name": "prepare_slaves_5", "@time": "279.400"}, {"@classname": "prepare_ha_ceph_neutron", "@name": "prepare_ha_ceph_neutron", "@time": "3271.038"}, {"@classname": "ha_ceph_neutron_rabbit_master_destroy", "@name": "ha_ceph_neutron_rabbit_master_destroy", "@time": "3141.484"}]}, "job_url": "https://product-ci.infra.mirantis.net/job/9.0.system_test.ubuntu.ha_destructive_ceph_neutron/161/", "job_status": "SUCCESS", "build_number": 161, "job_name": "9.0.system_test.ubuntu.ha_destructive_ceph_neutron", "job_description": "ha_destructive_ceph_neutron on 9.0-mos-567"}, "abort": false, "phaseName": "Run system tests", "duration": "2 hr 12 min", "failure_reasons": [], "icon": "blue.png"}, {"result": "SUCCESS", "retry": false, "parentJobName": "9.0.swarm.runner", "url": "job/9.0.system_test.ubuntu.unlock_settings_tab_states/45/", "parentBuildNumber": 160, "description": "unlock_settings_tab_states on 9.0-mos-567", "jobName": "9.0.system_test.ubuntu.unlock_settings_tab_states", "buildNumber": 45, "test_data": {"testsuite": {"@name": "nosetests", "@tests": "7", "@errors": "0", "@failures": "0", "@skip": "0", "testcase": [{"@classname": "setup_master", "@name": "setup_master", "@time": "1386.311"}, {"@classname": "prepare_release", "@name": "prepare_release", "@time": "86.277"}, {"@classname": "prepare_slaves_3", "@name": "prepare_slaves_3", "@time": "328.000"}, {"@classname": "failed_deploy_unlock", "@name": "failed_deploy_unlock", "@time": "3742.614"}, {"@classname": "partially_deployed_unlock", "@name": "partially_deployed_unlock", "@time": "3870.739"}, {"@classname": "prepare_slaves_5", "@name": "prepare_slaves_5", "@time": "249.473"}, {"@classname": "unlock_settings_tab_positive", "@name": "unlock_settings_tab_positive", "@time": "5697.556"}]}, "job_url": "https://product-ci.infra.mirantis.net/job/9.0.system_test.ubuntu.unlock_settings_tab_states/45/", "job_status": "SUCCESS", "build_number": 45, "job_name": "9.0.system_test.ubuntu.unlock_settings_tab_states", "job_description": "unlock_settings_tab_states on 9.0-mos-567"}, "abort": false, "phaseName": "Run system tests", "duration": "4 hr 16 min", "failure_reasons": [], "icon": "blue.png"}, {"result": "FAILURE", "retry": false, "parentJobName": "9.0.swarm.runner", "url": "job/9.0.system_test.ubuntu.support_dpdk/73/", "parentBuildNumber": 160, "description": "support_dpdk on 9.0-mos-567", "jobName": "9.0.system_test.ubuntu.support_dpdk", "buildNumber": 73, "test_data": {"testsuite": {"@name": "nosetests", "@tests": "6", "@errors": "0", "@failures": "1", "@skip": "0", "testcase": [{"@classname": "setup_master", "@name": "setup_master", "@time": "1567.393"}, {"@classname": "prepare_release", "@name": "prepare_release", "@time": "89.920"}, {"@classname": "prepare_slaves_3", "@name": "prepare_slaves_3", "@time": "221.509"}, {"@classname": "check_can_not_enable_dpdk_on_non_dedicated_iface", "@name": "check_can_not_enable_dpdk_on_non_dedicated_iface", "@time": "185.990"}, {"@classname": "check_can_not_enable_dpdk_with_tun", "@name": "check_can_not_enable_dpdk_with_tun", "@time": "184.981"}, {"@classname": "deploy_cluster_with_dpdk", "@name": "deploy_cluster_with_dpdk", "@time": "4402.044", "failure": {"@type": "exceptions.AssertionError", "@message": "Failed 1 OSTF tests; should fail 0 tests. Names of failed tests: \n  - Create volume and attach it to instance (failure)     Time limit exceeded while waiting for volume becoming 'available' to finish. Please refer to OpenStack logs for more details.", "#text": "Traceback (most recent call last):\n  File \"/usr/lib/python2.7/unittest/case.py\", line 331, in run\n    testMethod()\n  File \"/usr/lib/python2.7/unittest/case.py\", line 1043, in runTest\n    self._testFunc()\n  File \"/home/jenkins/venv-nailgun-tests-2.9/local/lib/python2.7/site-packages/proboscis/case.py\", line 296, in testng_method_mistake_capture_func\n    compatability.capture_type_error(s_func)\n  File \"/home/jenkins/venv-nailgun-tests-2.9/local/lib/python2.7/site-packages/proboscis/compatability/exceptions_2_6.py\", line 27, in capture_type_error\n    func()\n  File \"/home/jenkins/venv-nailgun-tests-2.9/local/lib/python2.7/site-packages/proboscis/case.py\", line 350, in func\n    func(test_case.state.get_state())\n  File \"/home/jenkins/workspace/9.0.system_test.ubuntu.support_dpdk/fuelweb_test/helpers/decorators.py\", line 120, in wrapper\n    result = func(*args, **kwargs)\n  File \"/home/jenkins/workspace/9.0.system_test.ubuntu.support_dpdk/fuelweb_test/tests/test_dpdk.py\", line 232, in deploy_cluster_with_dpdk\n    self.fuel_web.run_ostf(cluster_id=cluster_id)\n  File \"/home/jenkins/workspace/9.0.system_test.ubuntu.support_dpdk/fuelweb_test/__init__.py\", line 59, in wrapped\n    result = func(*args, **kwargs)\n  File \"/home/jenkins/workspace/9.0.system_test.ubuntu.support_dpdk/fuelweb_test/models/fuel_web_client.py\", line 1287, in run_ostf\n    failed_test_name=failed_test_name, test_sets=test_sets)\n  File \"/home/jenkins/workspace/9.0.system_test.ubuntu.support_dpdk/fuelweb_test/__init__.py\", line 59, in wrapped\n    result = func(*args, **kwargs)\n  File \"/home/jenkins/workspace/9.0.system_test.ubuntu.support_dpdk/fuelweb_test/models/fuel_web_client.py\", line 277, in assert_ostf_run\n    indent=1)))\n  File \"/home/jenkins/venv-nailgun-tests-2.9/local/lib/python2.7/site-packages/proboscis/asserts.py\", line 163, in assert_true\n    raise ASSERTION_ERROR(message)\nAssertionError: Failed 1 OSTF tests; should fail 0 tests. Names of failed tests: \n  - Create volume and attach it to instance (failure)     Time limit exceeded while waiting for volume becoming 'available' to finish. Please refer to OpenStack logs for more details."}}]}, "job_url": "https://product-ci.infra.mirantis.net/job/9.0.system_test.ubuntu.support_dpdk/73/", "job_status": "FAILURE", "build_number": 73, "job_name": "9.0.system_test.ubuntu.support_dpdk", "job_description": "support_dpdk on 9.0-mos-567"}, "abort": false, "phaseName": "Run system tests", "duration": "1 hr 51 min", "failure_reasons": [{"job_status": "FAILURE", "failure": "failure___type___exceptions.AssertionError___message___Failed x OSTF tests; should fail x tests. Names of failed tests: \n  - Create volume and attach it to instance (failure)     Time limit exceeded while waiting for volume becoming 'available' to finish. Please refer to OpenStack logs for more details.", "job_url": "https://product-ci.infra.mirantis.net/job/9.0.system_test.ubuntu.support_dpdk/73/", "build_number": 73, "test": "deploy_cluster_with_dpdk", "test_fail_url": "https://product-ci.infra.mirantis.net/job/9.0.system_test.ubuntu.support_dpdk/73/testReport/(root)/deploy_cluster_with_dpdk/deploy_cluster_with_dpdk", "failure_origin": "failure___type___exceptions.AssertionError___message___Failed 1 OSTF tests; should fail 0 tests. Names of failed tests: \n  - Create volume and attach it to instance (failure)     Time limit exceeded while waiting for volume becoming 'available' to finish. Please refer to OpenStack logs for more details.", "job_name": "9.0.system_test.ubuntu.support_dpdk"}], "icon": "red.png"}, {"result": "SUCCESS", "retry": false, "parentJobName": "9.0.swarm.runner", "url": "job/9.0.system_test.ubuntu.services_ha.ceilometer/161/", "parentBuildNumber": 160, "description": "services_ha.**** on 9.0-mos-567", "jobName": "9.0.system_test.ubuntu.services_ha.ceilometer", "buildNumber": 161, "test_data": {"testsuite": {"@name": "nosetests", "@tests": "7", "@errors": "0", "@failures": "0", "@skip": "0", "testcase": [{"@classname": "setup_master", "@name": "setup_master", "@time": "1414.174"}, {"@classname": "prepare_release", "@name": "prepare_release", "@time": "84.743"}, {"@classname": "prepare_slaves_5", "@name": "prepare_slaves_5", "@time": "279.810"}, {"@classname": "deploy_ceilometer_ha_multirole", "@name": "deploy_ceilometer_ha_multirole", "@time": "5208.720"}, {"@classname": "ceilometer_ha_multirole_add_mongo", "@name": "ceilometer_ha_multirole_add_mongo", "@time": "2749.209"}, {"@classname": "deploy_ceilometer_ha_with_external_mongo", "@name": "deploy_ceilometer_ha_with_external_mongo", "@time": "4712.090"}, {"@classname": "deploy_ceilometer_ha_with_mongo", "@name": "deploy_ceilometer_ha_with_mongo", "@time": "4535.760"}]}, "job_url": "https://product-ci.infra.mirantis.net/job/9.0.system_test.ubuntu.services_ha.ceilometer/161/", "job_status": "SUCCESS", "build_number": 161, "job_name": "9.0.system_test.ubuntu.services_ha.ceilometer", "job_description": "services_ha.**** on 9.0-mos-567"}, "abort": false, "phaseName": "Run system tests", "duration": "5 hr 18 min", "failure_reasons": [], "icon": "blue.png"}, {"result": "ABORTED", "retry": false, "parentJobName": "9.0.swarm.runner", "url": "job/9.0.system_test.ubuntu.deploy_multipath/46/", "parentBuildNumber": 160, "jobName": "9.0.system_test.ubuntu.deploy_multipath", "buildNumber": 46, "abort": false, "phaseName": "Run system tests", "duration": "10 hr", "icon": "aborted.png"}, {"result": "SUCCESS", "retry": false, "parentJobName": "9.0.swarm.runner", "url": "job/9.0.system_test.ubuntu.thread_usb/160/", "parentBuildNumber": 160, "description": "thread_usb on 9.0-mos-567", "jobName": "9.0.system_test.ubuntu.thread_usb", "buildNumber": 160, "test_data": {"testsuite": {"@name": "nosetests", "@tests": "4", "@errors": "0", "@failures": "0", "@skip": "0", "testcase": [{"@classname": "setup_master", "@name": "setup_master", "@time": "1154.976"}, {"@classname": "prepare_release", "@name": "prepare_release", "@time": "72.151"}, {"@classname": "prepare_slaves_3", "@name": "prepare_slaves_3", "@time": "202.460"}, {"@classname": "deploy_ha_one_controller_neutron_usb", "@name": "deploy_ha_one_controller_neutron_usb", "@time": "2598.123"}]}, "job_url": "https://product-ci.infra.mirantis.net/job/9.0.system_test.ubuntu.thread_usb/160/", "job_status": "SUCCESS", "build_number": 160, "job_name": "9.0.system_test.ubuntu.thread_usb", "job_description": "thread_usb on 9.0-mos-567"}, "abort": false, "phaseName": "Run system tests", "duration": "1 hr 8 min", "failure_reasons": [], "icon": "blue.png"}, {"result": "SUCCESS", "retry": false, "parentJobName": "9.0.swarm.runner", "url": "job/9.0.system_test.ubuntu.cluster_actions/161/", "parentBuildNumber": 160, "description": "cluster_actions on 9.0-mos-567", "jobName": "9.0.system_test.ubuntu.cluster_actions", "buildNumber": 161, "test_data": {"testsuite": {"@name": "nosetests", "@tests": "6", "@errors": "0", "@failures": "0", "@skip": "0", "testcase": [{"@classname": "setup_master", "@name": "setup_master", "@time": "1366.848"}, {"@classname": "prepare_release", "@name": "prepare_release", "@time": "86.451"}, {"@classname": "prepare_slaves_3", "@name": "prepare_slaves_3", "@time": "343.143"}, {"@classname": "deploy_neutron_stop_on_deploying", "@name": "deploy_neutron_stop_on_deploying", "@time": "4147.994"}, {"@classname": "deploy_neutron_stop_reset_on_provisioning", "@name": "deploy_neutron_stop_reset_on_provisioning", "@time": "4391.263"}, {"@classname": "deploy_reset_on_ready", "@name": "deploy_reset_on_ready", "@time": "5914.413"}]}, "job_url": "https://product-ci.infra.mirantis.net/job/9.0.system_test.ubuntu.cluster_actions/161/", "job_status": "SUCCESS", "build_number": 161, "job_name": "9.0.system_test.ubuntu.cluster_actions", "job_description": "cluster_actions on 9.0-mos-567"}, "abort": false, "phaseName": "Run system tests", "duration": "4 hr 31 min", "failure_reasons": [], "icon": "blue.png"}, {"result": "SUCCESS", "retry": false, "parentJobName": "9.0.swarm.runner", "url": "job/9.0.system_test.ubuntu.ironic_deploy_swift/153/", "parentBuildNumber": 160, "description": "ironic_deploy_swift on 9.0-mos-567", "jobName": "9.0.system_test.ubuntu.ironic_deploy_swift", "buildNumber": 153, "test_data": {"testsuite": {"@name": "nosetests", "@tests": "5", "@errors": "0", "@failures": "0", "@skip": "0", "testcase": [{"@classname": "setup_master", "@name": "setup_master", "@time": "1108.363"}, {"@classname": "prepare_release", "@name": "prepare_release", "@time": "68.471"}, {"@classname": "prepare_slaves_5", "@name": "prepare_slaves_5", "@time": "256.677"}, {"@classname": "ironic_deploy_swift", "@name": "ironic_deploy_swift", "@time": "4297.650"}, {"@classname": "ironic_deploy_swift", "@name": "ironic_deploy_swift", "@time": "4261.579"}]}, "job_url": "https://product-ci.infra.mirantis.net/job/9.0.system_test.ubuntu.ironic_deploy_swift/153/", "job_status": "SUCCESS", "build_number": 153, "job_name": "9.0.system_test.ubuntu.ironic_deploy_swift", "job_description": "ironic_deploy_swift on 9.0-mos-567"}, "abort": false, "phaseName": "Run system tests", "duration": "2 hr 47 min", "failure_reasons": [], "icon": "blue.png"}, {"result": "SUCCESS", "retry": false, "parentJobName": "9.0.swarm.runner", "url": "job/9.0.system_test.ubuntu.ha_neutron_destructive_vlan/160/", "parentBuildNumber": 160, "description": "ha_neutron_destructive_vlan on 9.0-mos-567", "jobName": "9.0.system_test.ubuntu.ha_neutron_destructive_vlan", "buildNumber": 160, "test_data": {"testsuite": {"@name": "nosetests", "@tests": "7", "@errors": "0", "@failures": "0", "@skip": "0", "testcase": [{"@classname": "setup_master", "@name": "setup_master", "@time": "1351.273"}, {"@classname": "prepare_release", "@name": "prepare_release", "@time": "81.650"}, {"@classname": "deploy_ha_neutron_vlan", "@name": "deploy_ha_neutron_vlan", "@time": "3665.062"}, {"@classname": "neutron_l3_migration_after_destroy_vlan", "@name": "neutron_l3_migration_after_destroy_vlan", "@time": "1918.136"}, {"@classname": "neutron_l3_migration_after_reset_vlan", "@name": "neutron_l3_migration_after_reset_vlan", "@time": "1608.728"}, {"@classname": "neutron_l3_migration_vlan", "@name": "neutron_l3_migration_vlan", "@time": "1316.962"}, {"@classname": "neutron_packets_drop_stat_vlan", "@name": "neutron_packets_drop_stat_vlan", "@time": "496.153"}]}, "job_url": "https://product-ci.infra.mirantis.net/job/9.0.system_test.ubuntu.ha_neutron_destructive_vlan/160/", "job_status": "SUCCESS", "build_number": 160, "job_name": "9.0.system_test.ubuntu.ha_neutron_destructive_vlan", "job_description": "ha_neutron_destructive_vlan on 9.0-mos-567"}, "abort": false, "phaseName": "Run system tests", "duration": "2 hr 54 min", "failure_reasons": [], "icon": "blue.png"}, {"result": "SUCCESS", "retry": false, "parentJobName": "9.0.swarm.runner", "url": "job/9.0.system_test.ubuntu.numa_cpu_pinning/80/", "parentBuildNumber": 160, "description": "numa_cpu_pinning on 9.0-mos-567", "jobName": "9.0.system_test.ubuntu.numa_cpu_pinning", "buildNumber": 80, "test_data": {"testsuite": {"@name": "nosetests", "@tests": "9", "@errors": "0", "@failures": "0", "@skip": "0", "testcase": [{"@classname": "setup_master", "@name": "setup_master", "@time": "1153.264"}, {"@classname": "prepare_release", "@name": "prepare_release", "@time": "67.451"}, {"@classname": "prepare_slaves_5", "@name": "prepare_slaves_5", "@time": "217.024"}, {"@classname": "basic_env_for_numa_cpu_pinning", "@name": "basic_env_for_numa_cpu_pinning", "@time": "208.296"}, {"@classname": "cpu_pinning_allocation", "@name": "cpu_pinning_allocation", "@time": "159.448"}, {"@classname": "cpu_pinning_on_two_compute", "@name": "cpu_pinning_on_two_compute", "@time": "4078.961"}, {"@classname": "change_pinned_cpu_and_redeploy", "@name": "change_pinned_cpu_and_redeploy", "@time": "1100.819"}, {"@classname": "reboot_cpu_pinning_compute", "@name": "reboot_cpu_pinning_compute", "@time": "1314.552"}, {"@classname": "cpu_pinning_with_other_role", "@name": "cpu_pinning_with_other_role", "@time": "4113.609"}]}, "job_url": "https://product-ci.infra.mirantis.net/job/9.0.system_test.ubuntu.numa_cpu_pinning/80/", "job_status": "SUCCESS", "build_number": 80, "job_name": "9.0.system_test.ubuntu.numa_cpu_pinning", "job_description": "numa_cpu_pinning on 9.0-mos-567"}, "abort": false, "phaseName": "Run system tests", "duration": "3 hr 28 min", "failure_reasons": [], "icon": "blue.png"}, {"result": "SUCCESS", "retry": false, "parentJobName": "9.0.swarm.runner", "url": "job/9.0.system_test.ubuntu.ironic_deploy_ceph/156/", "parentBuildNumber": 160, "description": "ironic_deploy_ceph on 9.0-mos-567", "jobName": "9.0.system_test.ubuntu.ironic_deploy_ceph", "buildNumber": 156, "test_data": {"testsuite": {"@name": "nosetests", "@tests": "5", "@errors": "0", "@failures": "0", "@skip": "0", "testcase": [{"@classname": "setup_master", "@name": "setup_master", "@time": "1403.465"}, {"@classname": "prepare_release", "@name": "prepare_release", "@time": "82.408"}, {"@classname": "prepare_slaves_5", "@name": "prepare_slaves_5", "@time": "256.300"}, {"@classname": "ironic_deploy_ceph", "@name": "ironic_deploy_ceph", "@time": "4974.913"}, {"@classname": "ironic_deploy_ceph", "@name": "ironic_deploy_ceph", "@time": "4853.947"}]}, "job_url": "https://product-ci.infra.mirantis.net/job/9.0.system_test.ubuntu.ironic_deploy_ceph/156/", "job_status": "SUCCESS", "build_number": 156, "job_name": "9.0.system_test.ubuntu.ironic_deploy_ceph", "job_description": "ironic_deploy_ceph on 9.0-mos-567"}, "abort": false, "phaseName": "Run system tests", "duration": "3 hr 13 min", "failure_reasons": [], "icon": "blue.png"}, {"result": "SUCCESS", "retry": false, "parentJobName": "9.0.swarm.runner", "url": "job/9.0.system_test.ubuntu.jumbo_frames/164/", "parentBuildNumber": 160, "description": "jumbo_frames on 9.0-mos-567", "jobName": "9.0.system_test.ubuntu.jumbo_frames", "buildNumber": 164, "test_data": {"testsuite": {"@name": "nosetests", "@tests": "8", "@errors": "0", "@failures": "0", "@skip": "0", "testcase": [{"@classname": "setup_master", "@name": "setup_master", "@time": "1404.928"}, {"@classname": "prepare_release", "@name": "prepare_release", "@time": "86.415"}, {"@classname": "prepare_slaves_5", "@name": "prepare_slaves_5", "@time": "255.035"}, {"@classname": "prepare_5_slaves_with_jumbo_frames", "@name": "prepare_5_slaves_with_jumbo_frames", "@time": "219.717"}, {"@classname": "jumbo_frames_neutron_diff_net_vlan", "@name": "jumbo_frames_neutron_diff_net_vlan", "@time": "4242.843"}, {"@classname": "jumbo_frames_neutron_diff_net_vxlan", "@name": "jumbo_frames_neutron_diff_net_vxlan", "@time": "3979.894"}, {"@classname": "jumbo_frames_neutron_vlan", "@name": "jumbo_frames_neutron_vlan", "@time": "3920.711"}, {"@classname": "jumbo_frames_neutron_vxlan", "@name": "jumbo_frames_neutron_vxlan", "@time": "3935.803"}]}, "job_url": "https://product-ci.infra.mirantis.net/job/9.0.system_test.ubuntu.jumbo_frames/164/", "job_status": "SUCCESS", "build_number": 164, "job_name": "9.0.system_test.ubuntu.jumbo_frames", "job_description": "jumbo_frames on 9.0-mos-567"}, "abort": false, "phaseName": "Run system tests", "duration": "5 hr 1 min", "failure_reasons": [], "icon": "blue.png"}, {"result": "SUCCESS", "retry": false, "parentJobName": "9.0.swarm.runner", "url": "job/9.0.system_test.ubuntu.bvt_ubuntu_bootstrap/162/", "parentBuildNumber": 160, "description": "bvt_ubuntu_bootstrap on 9.0-mos-567", "jobName": "9.0.system_test.ubuntu.bvt_ubuntu_bootstrap", "buildNumber": 162, "test_data": {"testsuite": {"@name": "nosetests", "@tests": "12", "@errors": "0", "@failures": "0", "@skip": "0", "testcase": [{"@classname": "setup_master", "@name": "setup_master", "@time": "1389.029"}, {"@classname": "prepare_release", "@name": "prepare_release", "@time": "92.949"}, {"@classname": "prepare_slaves_3", "@name": "prepare_slaves_3", "@time": "238.542"}, {"@classname": "deploy_stop_on_deploying_ubuntu_bootstrap", "@name": "deploy_stop_on_deploying_ubuntu_bootstrap", "@time": "3937.129"}, {"@classname": "delete_node_on_ready_ubuntu_bootstrap", "@name": "delete_node_on_ready_ubuntu_bootstrap", "@time": "723.203"}, {"@classname": "delete_on_ready_ubuntu_bootstrap", "@name": "delete_on_ready_ubuntu_bootstrap", "@time": "576.968"}, {"@classname": "reset_on_ready_ubuntu_bootstrap", "@name": "reset_on_ready_ubuntu_bootstrap", "@time": "3487.675"}, {"@classname": "build_default_bootstrap", "@name": "build_default_bootstrap", "@time": "829.845"}, {"@classname": "create_list_import_delete_bootstrap_image", "@name": "create_list_import_delete_bootstrap_image", "@time": "625.069"}, {"@classname": "build_full_bootstrap", "@name": "build_full_bootstrap", "@time": "799.532"}, {"@classname": "build_simple_bootstrap", "@name": "build_simple_bootstrap", "@time": "807.382"}, {"@classname": "deploy_with_two_ubuntu_bootstraps", "@name": "deploy_with_two_ubuntu_bootstraps", "@time": "4428.674"}]}, "job_url": "https://product-ci.infra.mirantis.net/job/9.0.system_test.ubuntu.bvt_ubuntu_bootstrap/162/", "job_status": "SUCCESS", "build_number": 162, "job_name": "9.0.system_test.ubuntu.bvt_ubuntu_bootstrap", "job_description": "bvt_ubuntu_bootstrap on 9.0-mos-567"}, "abort": false, "phaseName": "Run system tests", "duration": "5 hr 0 min", "failure_reasons": [], "icon": "blue.png"}, {"result": "FAILURE", "retry": false, "parentJobName": "9.0.swarm.runner", "url": "job/9.0.system_test.ubuntu.ha_neutron_tun_scale/162/", "parentBuildNumber": 160, "description": "ha_neutron_tun_scale on 9.0-mos-567", "jobName": "9.0.system_test.ubuntu.ha_neutron_tun_scale", "buildNumber": 162, "test_data": {"testsuite": {"@name": "nosetests", "@tests": "4", "@errors": "1", "@failures": "0", "@skip": "0", "testcase": [{"@classname": "setup_master", "@name": "setup_master", "@time": "1403.529"}, {"@classname": "prepare_release", "@name": "prepare_release", "@time": "89.562"}, {"@classname": "prepare_slaves_9", "@name": "prepare_slaves_9", "@time": "443.180"}, {"@classname": "neutron_tun_scalability", "@name": "neutron_tun_scalability", "@time": "7807.732", "error": {"@type": "fuelweb_test.helpers.exceptions.UnexpectedExitCode", "@message": "Command '/usr/local/bin/swift-rings-rebalance.sh' returned unexpected exit code 1, while waiting for [0]stdout: Reassigned 820 (80.08%) partitions. Balance is now 0.39.  Dispersion is now 0.00\nReassigned 820 (80.08%) partitions. Balance is now 0.39.  Dispersion is now 0.00\nReassigned 794 (77.54%) partitions. Balance is now 6.45.  Dispersion is now 0.00\n-------------------------------------------------------------------------------\nNOTE: Balance of 6.45 indicates you should push this \n      ring, wait at least 1 hours, and rebalance/repush.\n-------------------------------------------------------------------------------\n", "#text": "Traceback (most recent call last):\n  File \"/usr/lib/python2.7/unittest/case.py\", line 331, in run\n    testMethod()\n  File \"/usr/lib/python2.7/unittest/case.py\", line 1043, in runTest\n    self._testFunc()\n  File \"/home/jenkins/venv-nailgun-tests-2.9/local/lib/python2.7/site-packages/proboscis/case.py\", line 296, in testng_method_mistake_capture_func\n    compatability.capture_type_error(s_func)\n  File \"/home/jenkins/venv-nailgun-tests-2.9/local/lib/python2.7/site-packages/proboscis/compatability/exceptions_2_6.py\", line 27, in capture_type_error\n    func()\n  File \"/home/jenkins/venv-nailgun-tests-2.9/local/lib/python2.7/site-packages/proboscis/case.py\", line 350, in func\n    func(test_case.state.get_state())\n  File \"/home/jenkins/workspace/9.0.system_test.ubuntu.ha_neutron_tun_scale/fuelweb_test/helpers/decorators.py\", line 120, in wrapper\n    result = func(*args, **kwargs)\n  File \"/home/jenkins/workspace/9.0.system_test.ubuntu.ha_neutron_tun_scale/fuelweb_test/tests/test_neutron_tun.py\", line 360, in neutron_tun_scalability\n    Common.rebalance_swift_ring(ip)\n  File \"/home/jenkins/workspace/9.0.system_test.ubuntu.ha_neutron_tun_scale/fuelweb_test/helpers/common.py\", line 275, in rebalance_swift_ring\n    result = ssh.execute_on_remote(ip=controller_ip, cmd=cmd)\n  File \"/home/jenkins/workspace/9.0.system_test.ubuntu.ha_neutron_tun_scale/fuelweb_test/helpers/ssh_manager.py\", line 205, in execute_on_remote\n    stderr=result['stderr_str'])\nUnexpectedExitCode: Command '/usr/local/bin/swift-rings-rebalance.sh' returned unexpected exit code 1, while waiting for [0]stdout: Reassigned 820 (80.08%) partitions. Balance is now 0.39.  Dispersion is now 0.00\nReassigned 820 (80.08%) partitions. Balance is now 0.39.  Dispersion is now 0.00\nReassigned 794 (77.54%) partitions. Balance is now 6.45.  Dispersion is now 0.00\n-------------------------------------------------------------------------------\nNOTE: Balance of 6.45 indicates you should push this \n      ring, wait at least 1 hours, and rebalance/repush.\n-------------------------------------------------------------------------------"}}]}, "job_url": "https://product-ci.infra.mirantis.net/job/9.0.system_test.ubuntu.ha_neutron_tun_scale/162/", "job_status": "FAILURE", "build_number": 162, "job_name": "9.0.system_test.ubuntu.ha_neutron_tun_scale", "job_description": "ha_neutron_tun_scale on 9.0-mos-567"}, "abort": false, "phaseName": "Run system tests", "duration": "2 hr 43 min", "failure_reasons": [{"job_status": "FAILURE", "failure": "error___type___fuelweb_test.helpers.exceptions.UnexpectedExitCode___message___Command '/usr/local/bin/swift-rings-rebalance.sh' returned unexpected exit code x, while waiting for [x]stdout: Reassigned x (x.x%) partitions. Balance is now x.x.  Dispersion is now x.x\nReassigned x (x.x%) partitions. Balance is now x.x.  Dispersion is now x.x\nReassigned x (x.x%) partitions. Balance is now x.x.  Dispersion is now x.x\n-------------------------------------------------------------------------------\nNOTE: Balance of x.x indicates you should push this \n      ring, wait at least x hours, and rebalance/repush.\n-------------------------------------------------------------------------------\n", "job_url": "https://product-ci.infra.mirantis.net/job/9.0.system_test.ubuntu.ha_neutron_tun_scale/162/", "build_number": 162, "test": "neutron_tun_scalability", "test_fail_url": "https://product-ci.infra.mirantis.net/job/9.0.system_test.ubuntu.ha_neutron_tun_scale/162/testReport/(root)/neutron_tun_scalability/neutron_tun_scalability", "failure_origin": "error___type___fuelweb_test.helpers.exceptions.UnexpectedExitCode___message___Command '/usr/local/bin/swift-rings-rebalance.sh' returned unexpected exit code 1, while waiting for [0]stdout: Reassigned 820 (80.08%) partitions. Balance is now 0.39.  Dispersion is now 0.00\nReassigned 820 (80.08%) partitions. Balance is now 0.39.  Dispersion is now 0.00\nReassigned 794 (77.54%) partitions. Balance is now 6.45.  Dispersion is now 0.00\n-------------------------------------------------------------------------------\nNOTE: Balance of 6.45 indicates you should push this \n      ring, wait at least 1 hours, and rebalance/repush.\n-------------------------------------------------------------------------------\n", "job_name": "9.0.system_test.ubuntu.ha_neutron_tun_scale"}], "icon": "red.png"}, {"result": "SUCCESS", "retry": false, "parentJobName": "9.0.swarm.runner", "url": "job/9.0.system_test.ubuntu.error_node_reinstallation/161/", "parentBuildNumber": 160, "description": "error_node_reinstallation on 9.0-mos-567", "jobName": "9.0.system_test.ubuntu.error_node_reinstallation", "buildNumber": 161, "test_data": {"testsuite": {"@name": "nosetests", "@tests": "7", "@errors": "0", "@failures": "0", "@skip": "0", "testcase": [{"@classname": "setup_master", "@name": "setup_master", "@time": "1176.648"}, {"@classname": "prepare_release", "@name": "prepare_release", "@time": "67.189"}, {"@classname": "prepare_slaves_5", "@name": "prepare_slaves_5", "@time": "214.070"}, {"@classname": "failed_node_reinstallation_env", "@name": "failed_node_reinstallation_env", "@time": "943.752"}, {"@classname": "reinstall_failed_compute_deployment", "@name": "reinstall_failed_compute_deployment", "@time": "3444.848"}, {"@classname": "reinstall_failed_primary_controller_deployment", "@name": "reinstall_failed_primary_controller_deployment", "@time": "3474.552"}, {"@classname": "reinstall_failed_regular_controller_deployment", "@name": "reinstall_failed_regular_controller_deployment", "@time": "3366.195"}]}, "job_url": "https://product-ci.infra.mirantis.net/job/9.0.system_test.ubuntu.error_node_reinstallation/161/", "job_status": "SUCCESS", "build_number": 161, "job_name": "9.0.system_test.ubuntu.error_node_reinstallation", "job_description": "error_node_reinstallation on 9.0-mos-567"}, "abort": false, "phaseName": "Run system tests", "duration": "3 hr 32 min", "failure_reasons": [], "icon": "blue.png"}, {"result": "SUCCESS", "retry": false, "parentJobName": "9.0.swarm.runner", "url": "job/9.0.system_test.ubuntu.ha_neutron_tun/161/", "parentBuildNumber": 160, "description": "ha_neutron_tun on 9.0-mos-567", "jobName": "9.0.system_test.ubuntu.ha_neutron_tun", "buildNumber": 161, "test_data": {"testsuite": {"@name": "nosetests", "@tests": "9", "@errors": "0", "@failures": "0", "@skip": "0", "testcase": [{"@classname": "setup_master", "@name": "setup_master", "@time": "1393.375"}, {"@classname": "prepare_release", "@name": "prepare_release", "@time": "86.833"}, {"@classname": "prepare_slaves_3", "@name": "prepare_slaves_3", "@time": "218.962"}, {"@classname": "deploy_neutron_tun", "@name": "deploy_neutron_tun", "@time": "3771.565"}, {"@classname": "prepare_slaves_5", "@name": "prepare_slaves_5", "@time": "265.236"}, {"@classname": "deploy_neutron_tun_ha", "@name": "deploy_neutron_tun_ha", "@time": "3923.919"}, {"@classname": "neutron_tun_ha_add_compute", "@name": "neutron_tun_ha_add_compute", "@time": "1939.364"}, {"@classname": "neutron_tun_ha_addremove", "@name": "neutron_tun_ha_addremove", "@time": "4437.889"}, {"@classname": "ceph_rados_gw", "@name": "ceph_rados_gw", "@time": "4460.285"}]}, "job_url": "https://product-ci.infra.mirantis.net/job/9.0.system_test.ubuntu.ha_neutron_tun/161/", "job_status": "SUCCESS", "build_number": 161, "job_name": "9.0.system_test.ubuntu.ha_neutron_tun", "job_description": "ha_neutron_tun on 9.0-mos-567"}, "abort": false, "phaseName": "Run system tests", "duration": "5 hr 42 min", "failure_reasons": [], "icon": "blue.png"}, {"result": "FAILURE", "retry": false, "parentJobName": "9.0.swarm.runner", "url": "job/9.0.system_test.ubuntu.custom_hostname/162/", "parentBuildNumber": 160, "description": "custom_hostname on 9.0-mos-567", "jobName": "9.0.system_test.ubuntu.custom_hostname", "buildNumber": 162, "test_data": {"testsuite": {"@name": "nosetests", "@tests": "8", "@errors": "0", "@failures": "1", "@skip": "0", "testcase": [{"@classname": "setup_master", "@name": "setup_master", "@time": "1126.140"}, {"@classname": "prepare_release", "@name": "prepare_release", "@time": "67.625"}, {"@classname": "prepare_slaves_5", "@name": "prepare_slaves_5", "@time": "208.870"}, {"@classname": "custom_hostname_validation", "@name": "custom_hostname_validation", "@time": "161.288"}, {"@classname": "default_hostname", "@name": "default_hostname", "@time": "3195.238"}, {"@classname": "set_custom_hostname", "@name": "set_custom_hostname", "@time": "3345.482", "failure": {"@type": "exceptions.AssertionError", "@message": "Failed 3 OSTF tests; should fail 0 tests. Names of failed tests: \n  - Check data replication over mysql (failure)      Can not find any online database. Check that at least one database is operable\n  - Check if amount of tables in databases is the same on each node (failure)      Can not find any online database. Check that at least one database is operable\n  - Check galera environment state (failure)      Can not find any online database. Check that at least one database is operable", "#text": "Traceback (most recent call last):\n  File \"/usr/lib/python2.7/unittest/case.py\", line 331, in run\n    testMethod()\n  File \"/usr/lib/python2.7/unittest/case.py\", line 1043, in runTest\n    self._testFunc()\n  File \"/home/jenkins/venv-nailgun-tests-2.9/local/lib/python2.7/site-packages/proboscis/case.py\", line 296, in testng_method_mistake_capture_func\n    compatability.capture_type_error(s_func)\n  File \"/home/jenkins/venv-nailgun-tests-2.9/local/lib/python2.7/site-packages/proboscis/compatability/exceptions_2_6.py\", line 27, in capture_type_error\n    func()\n  File \"/home/jenkins/venv-nailgun-tests-2.9/local/lib/python2.7/site-packages/proboscis/case.py\", line 350, in func\n    func(test_case.state.get_state())\n  File \"/home/jenkins/workspace/9.0.system_test.ubuntu.custom_hostname/fuelweb_test/helpers/decorators.py\", line 120, in wrapper\n    result = func(*args, **kwargs)\n  File \"/home/jenkins/workspace/9.0.system_test.ubuntu.custom_hostname/fuelweb_test/tests/test_custom_hostname.py\", line 153, in set_custom_hostname\n    cluster_id, test_sets=['ha', 'smoke', 'sanity'])\n  File \"/home/jenkins/workspace/9.0.system_test.ubuntu.custom_hostname/fuelweb_test/__init__.py\", line 59, in wrapped\n    result = func(*args, **kwargs)\n  File \"/home/jenkins/workspace/9.0.system_test.ubuntu.custom_hostname/fuelweb_test/models/fuel_web_client.py\", line 1287, in run_ostf\n    failed_test_name=failed_test_name, test_sets=test_sets)\n  File \"/home/jenkins/workspace/9.0.system_test.ubuntu.custom_hostname/fuelweb_test/__init__.py\", line 59, in wrapped\n    result = func(*args, **kwargs)\n  File \"/home/jenkins/workspace/9.0.system_test.ubuntu.custom_hostname/fuelweb_test/models/fuel_web_client.py\", line 277, in assert_ostf_run\n    indent=1)))\n  File \"/home/jenkins/venv-nailgun-tests-2.9/local/lib/python2.7/site-packages/proboscis/asserts.py\", line 163, in assert_true\n    raise ASSERTION_ERROR(message)\nAssertionError: Failed 3 OSTF tests; should fail 0 tests. Names of failed tests: \n  - Check data replication over mysql (failure)      Can not find any online database. Check that at least one database is operable\n  - Check if amount of tables in databases is the same on each node (failure)      Can not find any online database. Check that at least one database is operable\n  - Check galera environment state (failure)      Can not find any online database. Check that at least one database is operable"}}, {"@classname": "set_custom_hostname_for_provisioned_node", "@name": "set_custom_hostname_for_provisioned_node", "@time": "870.405"}, {"@classname": "set_duplicate_hostname", "@name": "set_duplicate_hostname", "@time": "168.594"}]}, "job_url": "https://product-ci.infra.mirantis.net/job/9.0.system_test.ubuntu.custom_hostname/162/", "job_status": "FAILURE", "build_number": 162, "job_name": "9.0.system_test.ubuntu.custom_hostname", "job_description": "custom_hostname on 9.0-mos-567"}, "abort": false, "phaseName": "Run system tests", "duration": "2 hr 33 min", "failure_reasons": [{"job_status": "FAILURE", "failure": "failure___type___exceptions.AssertionError___message___Failed x OSTF tests; should fail x tests. Names of failed tests: \n  - Check data replication over mysql (failure)      Can not find any online database. Check that at least one database is operable\n  - Check if amount of tables in databases is the same on each node (failure)      Can not find any online database. Check that at least one database is operable\n  - Check galera environment state (failure)      Can not find any online database. Check that at least one database is operable", "job_url": "https://product-ci.infra.mirantis.net/job/9.0.system_test.ubuntu.custom_hostname/162/", "build_number": 162, "test": "set_custom_hostname", "test_fail_url": "https://product-ci.infra.mirantis.net/job/9.0.system_test.ubuntu.custom_hostname/162/testReport/(root)/set_custom_hostname/set_custom_hostname", "failure_origin": "failure___type___exceptions.AssertionError___message___Failed 3 OSTF tests; should fail 0 tests. Names of failed tests: \n  - Check data replication over mysql (failure)      Can not find any online database. Check that at least one database is operable\n  - Check if amount of tables in databases is the same on each node (failure)      Can not find any online database. Check that at least one database is operable\n  - Check galera environment state (failure)      Can not find any online database. Check that at least one database is operable", "job_name": "9.0.system_test.ubuntu.custom_hostname"}], "icon": "red.png"}, {"result": "FAILURE", "retry": false, "parentJobName": "9.0.swarm.runner", "url": "job/9.0.system_test.ubuntu.ha_neutron_destructive/162/", "parentBuildNumber": 160, "description": "ha_neutron_destructive on 9.0-mos-567", "jobName": "9.0.system_test.ubuntu.ha_neutron_destructive", "buildNumber": 162, "test_data": {"testsuite": {"@name": "nosetests", "@tests": "17", "@errors": "0", "@failures": "2", "@skip": "0", "testcase": [{"@classname": "setup_master", "@name": "setup_master", "@time": "1364.381"}, {"@classname": "prepare_release", "@name": "prepare_release", "@time": "79.329"}, {"@classname": "prepare_slaves_5", "@name": "prepare_slaves_5", "@time": "224.810"}, {"@classname": "prepare_ha_neutron", "@name": "prepare_ha_neutron", "@time": "3741.745"}, {"@classname": "change_pacemaker_parameter_not_break_rabbitmq", "@name": "change_pacemaker_parameter_not_break_rabbitmq", "@time": "2690.334"}, {"@classname": "ha_corosync_stability_check", "@name": "ha_corosync_stability_check", "@time": "5321.242"}, {"@classname": "ha_neutron_check_alive_rabbit", "@name": "ha_neutron_check_alive_rabbit", "@time": "637.530", "failure": {"@type": "exceptions.AssertionError", "@message": "alive rabbit node was not ignored, result is {'exit_code': 1, 'stderr': [], 'stdout': []}", "#text": "Traceback (most recent call last):\n  File \"/usr/lib/python2.7/unittest/case.py\", line 331, in run\n    testMethod()\n  File \"/usr/lib/python2.7/unittest/case.py\", line 1043, in runTest\n    self._testFunc()\n  File \"/home/jenkins/venv-nailgun-tests-2.9/local/lib/python2.7/site-packages/proboscis/case.py\", line 296, in testng_method_mistake_capture_func\n    compatability.capture_type_error(s_func)\n  File \"/home/jenkins/venv-nailgun-tests-2.9/local/lib/python2.7/site-packages/proboscis/compatability/exceptions_2_6.py\", line 27, in capture_type_error\n    func()\n  File \"/home/jenkins/venv-nailgun-tests-2.9/local/lib/python2.7/site-packages/proboscis/case.py\", line 350, in func\n    func(test_case.state.get_state())\n  File \"/home/jenkins/workspace/9.0.system_test.ubuntu.ha_neutron_destructive/fuelweb_test/helpers/decorators.py\", line 120, in wrapper\n    result = func(*args, **kwargs)\n  File \"/home/jenkins/workspace/9.0.system_test.ubuntu.ha_neutron_destructive/fuelweb_test/tests/tests_strength/test_failover.py\", line 266, in ha_neutron_check_alive_rabbit\n    super(self.__class__, self).check_alive_rabbit_node_not_kicked()\n  File \"/home/jenkins/workspace/9.0.system_test.ubuntu.ha_neutron_destructive/fuelweb_test/tests/tests_strength/test_failover_base.py\", line 910, in check_alive_rabbit_node_not_kicked\n    ' result is {}'.format(result))\n  File \"/home/jenkins/venv-nailgun-tests-2.9/local/lib/python2.7/site-packages/proboscis/asserts.py\", line 55, in assert_equal\n    raise ASSERTION_ERROR(message)\nAssertionError: alive rabbit node was not ignored, result is {'exit_code': 1, 'stderr': [], 'stdout': []}"}}, {"@classname": "ha_neutron_check_dead_rabbit", "@name": "ha_neutron_check_dead_rabbit", "@time": "641.507", "failure": {"@type": "exceptions.AssertionError", "@message": "dead rabbit node was not removed, result is {'exit_code': 1, 'stderr': [], 'stdout': []}", "#text": "Traceback (most recent call last):\n  File \"/usr/lib/python2.7/unittest/case.py\", line 331, in run\n    testMethod()\n  File \"/usr/lib/python2.7/unittest/case.py\", line 1043, in runTest\n    self._testFunc()\n  File \"/home/jenkins/venv-nailgun-tests-2.9/local/lib/python2.7/site-packages/proboscis/case.py\", line 296, in testng_method_mistake_capture_func\n    compatability.capture_type_error(s_func)\n  File \"/home/jenkins/venv-nailgun-tests-2.9/local/lib/python2.7/site-packages/proboscis/compatability/exceptions_2_6.py\", line 27, in capture_type_error\n    func()\n  File \"/home/jenkins/venv-nailgun-tests-2.9/local/lib/python2.7/site-packages/proboscis/case.py\", line 350, in func\n    func(test_case.state.get_state())\n  File \"/home/jenkins/workspace/9.0.system_test.ubuntu.ha_neutron_destructive/fuelweb_test/helpers/decorators.py\", line 120, in wrapper\n    result = func(*args, **kwargs)\n  File \"/home/jenkins/workspace/9.0.system_test.ubuntu.ha_neutron_destructive/fuelweb_test/tests/tests_strength/test_failover.py\", line 288, in ha_neutron_check_dead_rabbit\n    super(self.__class__, self).check_dead_rabbit_node_kicked()\n  File \"/home/jenkins/workspace/9.0.system_test.ubuntu.ha_neutron_destructive/fuelweb_test/tests/tests_strength/test_failover_base.py\", line 992, in check_dead_rabbit_node_kicked\n    ' result is {}'.format(result))\n  File \"/home/jenkins/venv-nailgun-tests-2.9/local/lib/python2.7/site-packages/proboscis/asserts.py\", line 55, in assert_equal\n    raise ASSERTION_ERROR(message)\nAssertionError: dead rabbit node was not removed, result is {'exit_code': 1, 'stderr': [], 'stdout': []}"}}, {"@classname": "ha_neutron_delete_vips", "@name": "ha_neutron_delete_vips", "@time": "1984.564"}, {"@classname": "ha_neutron_destroy_controllers", "@name": "ha_neutron_destroy_controllers", "@time": "2762.161"}, {"@classname": "ha_neutron_firewall", "@name": "ha_neutron_firewall", "@time": "600.478"}, {"@classname": "ha_neutron_haproxy_termination", "@name": "ha_neutron_haproxy_termination", "@time": "967.497"}, {"@classname": "ha_neutron_mysql_termination", "@name": "ha_neutron_mysql_termination", "@time": "1127.764"}, {"@classname": "ha_neutron_pacemaker_configuration", "@name": "ha_neutron_pacemaker_configuration", "@time": "400.733"}, {"@classname": "ha_neutron_test_3_1_rabbit_failover", "@name": "ha_neutron_test_3_1_rabbit_failover", "@time": "4377.775"}, {"@classname": "ha_neutron_virtual_router", "@name": "ha_neutron_virtual_router", "@time": "928.558"}, {"@classname": "ha_rabbitmq_stability_check", "@name": "ha_rabbitmq_stability_check", "@time": "4829.925"}]}, "job_url": "https://product-ci.infra.mirantis.net/job/9.0.system_test.ubuntu.ha_neutron_destructive/162/", "job_status": "FAILURE", "build_number": 162, "job_name": "9.0.system_test.ubuntu.ha_neutron_destructive", "job_description": "ha_neutron_destructive on 9.0-mos-567"}, "abort": false, "phaseName": "Run system tests", "duration": "9 hr 7 min", "failure_reasons": [{"job_status": "FAILURE", "failure": "failure___type___exceptions.AssertionError___message___alive rabbit node was not ignored, result is {'exit_code': x, 'stderr': [], 'stdout': []}", "job_url": "https://product-ci.infra.mirantis.net/job/9.0.system_test.ubuntu.ha_neutron_destructive/162/", "build_number": 162, "test": "ha_neutron_check_alive_rabbit", "test_fail_url": "https://product-ci.infra.mirantis.net/job/9.0.system_test.ubuntu.ha_neutron_destructive/162/testReport/(root)/ha_neutron_check_alive_rabbit/ha_neutron_check_alive_rabbit", "failure_origin": "failure___type___exceptions.AssertionError___message___alive rabbit node was not ignored, result is {'exit_code': 1, 'stderr': [], 'stdout': []}", "job_name": "9.0.system_test.ubuntu.ha_neutron_destructive"}, {"job_status": "FAILURE", "failure": "failure___type___exceptions.AssertionError___message___dead rabbit node was not removed, result is {'exit_code': x, 'stderr': [], 'stdout': []}", "job_url": "https://product-ci.infra.mirantis.net/job/9.0.system_test.ubuntu.ha_neutron_destructive/162/", "build_number": 162, "test": "ha_neutron_check_dead_rabbit", "test_fail_url": "https://product-ci.infra.mirantis.net/job/9.0.system_test.ubuntu.ha_neutron_destructive/162/testReport/(root)/ha_neutron_check_dead_rabbit/ha_neutron_check_dead_rabbit", "failure_origin": "failure___type___exceptions.AssertionError___message___dead rabbit node was not removed, result is {'exit_code': 1, 'stderr': [], 'stdout': []}", "job_name": "9.0.system_test.ubuntu.ha_neutron_destructive"}], "icon": "red.png"}, {"result": "SUCCESS", "retry": false, "parentJobName": "9.0.swarm.runner", "url": "job/9.0.system_test.ubuntu.deploy_from_uca/44/", "parentBuildNumber": 160, "description": "deploy_from_uca on 9.0-mos-567", "jobName": "9.0.system_test.ubuntu.deploy_from_uca", "buildNumber": 44, "test_data": {"testsuite": {"@name": "nosetests", "@tests": "8", "@errors": "0", "@failures": "0", "@skip": "0", "testcase": [{"@classname": "setup_master", "@name": "setup_master", "@time": "1408.071"}, {"@classname": "prepare_release", "@name": "prepare_release", "@time": "81.136"}, {"@classname": "prepare_slaves_5", "@name": "prepare_slaves_5", "@time": "239.651"}, {"@classname": "uca_neutron_ha", "@name": "uca_neutron_ha", "@time": "4857.871"}, {"@classname": "uca_shutdown_cluster", "@name": "uca_shutdown_cluster", "@time": "1782.734"}, {"@classname": "uca_neutron_tun_ceph", "@name": "uca_neutron_tun_ceph", "@time": "4668.308"}, {"@classname": "prepare_slaves_9", "@name": "prepare_slaves_9", "@time": "414.378"}, {"@classname": "uca_vlan_mongo", "@name": "uca_vlan_mongo", "@time": "4375.632"}]}, "job_url": "https://product-ci.infra.mirantis.net/job/9.0.system_test.ubuntu.deploy_from_uca/44/", "job_status": "SUCCESS", "build_number": 44, "job_name": "9.0.system_test.ubuntu.deploy_from_uca", "job_description": "deploy_from_uca on 9.0-mos-567"}, "abort": false, "phaseName": "Run system tests", "duration": "4 hr 58 min", "failure_reasons": [], "icon": "blue.png"}, {"result": "SUCCESS", "retry": false, "parentJobName": "9.0.swarm.runner", "url": "job/9.0.system_test.ubuntu.cgroup_ha/102/", "parentBuildNumber": 160, "description": "cgroup_ha on 9.0-mos-567", "jobName": "9.0.system_test.ubuntu.cgroup_ha", "buildNumber": 102, "test_data": {"testsuite": {"@name": "nosetests", "@tests": "7", "@errors": "0", "@failures": "0", "@skip": "0", "testcase": [{"@classname": "setup_master", "@name": "setup_master", "@time": "1204.034"}, {"@classname": "prepare_release", "@name": "prepare_release", "@time": "73.759"}, {"@classname": "prepare_slaves_5", "@name": "prepare_slaves_5", "@time": "246.131"}, {"@classname": "deploy_ha_cgroup", "@name": "deploy_ha_cgroup", "@time": "3601.451"}, {"@classname": "apply_cgroups_after_deploy", "@name": "apply_cgroups_after_deploy", "@time": "412.564"}, {"@classname": "apply_cgroups_reboot_node", "@name": "apply_cgroups_reboot_node", "@time": "793.417"}, {"@classname": "apply_relative_cgroups_after_deploy", "@name": "apply_relative_cgroups_after_deploy", "@time": "328.202"}]}, "job_url": "https://product-ci.infra.mirantis.net/job/9.0.system_test.ubuntu.cgroup_ha/102/", "job_status": "SUCCESS", "build_number": 102, "job_name": "9.0.system_test.ubuntu.cgroup_ha", "job_description": "cgroup_ha on 9.0-mos-567"}, "abort": false, "phaseName": "Run system tests", "duration": "1 hr 51 min", "failure_reasons": [], "icon": "blue.png"}, {"result": "FAILURE", "retry": false, "parentJobName": "9.0.swarm.runner", "url": "job/9.0.system_test.ubuntu.command_line/162/", "parentBuildNumber": 160, "description": "command_line on 9.0-mos-567", "jobName": "9.0.system_test.ubuntu.command_line", "buildNumber": 162, "test_data": {"testsuite": {"@name": "nosetests", "@tests": "8", "@errors": "0", "@failures": "1", "@skip": "0", "testcase": [{"@classname": "setup_master", "@name": "setup_master", "@time": "1460.327"}, {"@classname": "prepare_release", "@name": "prepare_release", "@time": "88.988"}, {"@classname": "prepare_slaves_3", "@name": "prepare_slaves_3", "@time": "253.946"}, {"@classname": "cli_selected_nodes_deploy", "@name": "cli_selected_nodes_deploy", "@time": "4263.979"}, {"@classname": "cli_cluster_deletion", "@name": "cli_cluster_deletion", "@time": "211.185"}, {"@classname": "cli_node_deletion_check", "@name": "cli_node_deletion_check", "@time": "892.441"}, {"@classname": "prepare_slaves_9", "@name": "prepare_slaves_9", "@time": "471.492"}, {"@classname": "cli_selected_nodes_deploy_huge", "@name": "cli_selected_nodes_deploy_huge", "@time": "4973.116", "failure": {"@type": "exceptions.AssertionError", "@message": "Task 'deployment' has incorrect status. error != ready", "#text": "Traceback (most recent call last):\n  File \"/usr/lib/python2.7/unittest/case.py\", line 331, in run\n    testMethod()\n  File \"/usr/lib/python2.7/unittest/case.py\", line 1043, in runTest\n    self._testFunc()\n  File \"/home/jenkins/venv-nailgun-tests-2.9/local/lib/python2.7/site-packages/proboscis/case.py\", line 296, in testng_method_mistake_capture_func\n    compatability.capture_type_error(s_func)\n  File \"/home/jenkins/venv-nailgun-tests-2.9/local/lib/python2.7/site-packages/proboscis/compatability/exceptions_2_6.py\", line 27, in capture_type_error\n    func()\n  File \"/home/jenkins/venv-nailgun-tests-2.9/local/lib/python2.7/site-packages/proboscis/case.py\", line 350, in func\n    func(test_case.state.get_state())\n  File \"/home/jenkins/workspace/9.0.system_test.ubuntu.command_line/fuelweb_test/helpers/decorators.py\", line 120, in wrapper\n    result = func(*args, **kwargs)\n  File \"/home/jenkins/workspace/9.0.system_test.ubuntu.command_line/fuelweb_test/tests/test_cli.py\", line 675, in cli_selected_nodes_deploy_huge\n    self.assert_cli_task_success(task, timeout=30 * 60)\n  File \"/home/jenkins/workspace/9.0.system_test.ubuntu.command_line/fuelweb_test/tests/test_cli_base.py\", line 129, in assert_cli_task_success\n    task['status'], 'ready', name=task[\"name\"]\n  File \"/home/jenkins/venv-nailgun-tests-2.9/local/lib/python2.7/site-packages/proboscis/asserts.py\", line 55, in assert_equal\n    raise ASSERTION_ERROR(message)\nAssertionError: Task 'deployment' has incorrect status. error != ready"}}]}, "job_url": "https://product-ci.infra.mirantis.net/job/9.0.system_test.ubuntu.command_line/162/", "job_status": "FAILURE", "build_number": 162, "job_name": "9.0.system_test.ubuntu.command_line", "job_description": "command_line on 9.0-mos-567"}, "abort": false, "phaseName": "Run system tests", "duration": "3 hr 31 min", "failure_reasons": [{"job_status": "FAILURE", "failure": "failure___type___exceptions.AssertionError___message___Task 'deployment' has incorrect status. error != ready", "job_url": "https://product-ci.infra.mirantis.net/job/9.0.system_test.ubuntu.command_line/162/", "build_number": 162, "test": "cli_selected_nodes_deploy_huge", "test_fail_url": "https://product-ci.infra.mirantis.net/job/9.0.system_test.ubuntu.command_line/162/testReport/(root)/cli_selected_nodes_deploy_huge/cli_selected_nodes_deploy_huge", "failure_origin": "failure___type___exceptions.AssertionError___message___Task 'deployment' has incorrect status. error != ready", "job_name": "9.0.system_test.ubuntu.command_line"}], "icon": "red.png"}, {"result": "FAILURE", "retry": false, "parentJobName": "9.0.swarm.runner", "url": "job/9.0.system_test.ubuntu.thread_3/163/", "parentBuildNumber": 160, "description": "thread_3 on 9.0-mos-567", "jobName": "9.0.system_test.ubuntu.thread_3", "buildNumber": 163, "test_data": {"testsuite": {"@name": "nosetests", "@tests": "8", "@errors": "1", "@failures": "0", "@skip": "0", "testcase": [{"@classname": "setup_master", "@name": "setup_master", "@time": "1674.253"}, {"@classname": "prepare_release", "@name": "prepare_release", "@time": "86.294"}, {"@classname": "ceph_ha_one_controller_with_cinder", "@name": "ceph_ha_one_controller_with_cinder", "@time": "4310.733"}, {"@classname": "ceph_ha_one_controller_with_cinder_restart", "@name": "ceph_ha_one_controller_with_cinder_restart", "@time": "1697.054"}, {"@classname": "ceph_ha", "@name": "ceph_ha", "@time": "4202.336"}, {"@classname": "check_ceph_ha", "@name": "check_ceph_ha", "@time": "1026.587"}, {"@classname": "check_openstack_stat", "@name": "check_openstack_stat", "@time": "539.427"}, {"@classname": "ceph_ha_restart", "@name": "ceph_ha_restart", "@time": "3172.083", "error": {"@type": "devops.error.TimeoutError", "@message": "Time on nodes was not set with 'ntpdate':\n[(u'slave-04', ['Tue Jul  5 05:49:35 UTC 2016\\n'])]", "#text": "Traceback (most recent call last):\n  File \"/usr/lib/python2.7/unittest/case.py\", line 331, in run\n    testMethod()\n  File \"/usr/lib/python2.7/unittest/case.py\", line 1043, in runTest\n    self._testFunc()\n  File \"/home/jenkins/venv-nailgun-tests-2.9/local/lib/python2.7/site-packages/proboscis/case.py\", line 296, in testng_method_mistake_capture_func\n    compatability.capture_type_error(s_func)\n  File \"/home/jenkins/venv-nailgun-tests-2.9/local/lib/python2.7/site-packages/proboscis/compatability/exceptions_2_6.py\", line 27, in capture_type_error\n    func()\n  File \"/home/jenkins/venv-nailgun-tests-2.9/local/lib/python2.7/site-packages/proboscis/case.py\", line 350, in func\n    func(test_case.state.get_state())\n  File \"/home/jenkins/workspace/9.0.system_test.ubuntu.thread_3/fuelweb_test/helpers/decorators.py\", line 120, in wrapper\n    result = func(*args, **kwargs)\n  File \"/home/jenkins/workspace/9.0.system_test.ubuntu.thread_3/fuelweb_test/tests/tests_strength/test_restart.py\", line 164, in ceph_ha_restart\n    'slave-04']))\n  File \"/home/jenkins/workspace/9.0.system_test.ubuntu.thread_3/fuelweb_test/models/fuel_web_client.py\", line 2032, in cold_restart_nodes\n    self.environment.sync_time()\n  File \"/home/jenkins/workspace/9.0.system_test.ubuntu.thread_3/fuelweb_test/models/environment.py\", line 136, in sync_time\n    new_time = sync_time(self.d_env, nodes_names, skip_sync)\n  File \"/home/jenkins/venv-nailgun-tests-2.9/local/lib/python2.7/site-packages/devops/helpers/retry.py\", line 27, in wrapper\n    return func(*args, **kwargs)\n  File \"/home/jenkins/venv-nailgun-tests-2.9/local/lib/python2.7/site-packages/devops/helpers/ntp.py\", line 45, in sync_time\n    g_ntp.do_sync_time(g_ntp.other_ntps)\n  File \"/home/jenkins/venv-nailgun-tests-2.9/local/lib/python2.7/site-packages/devops/helpers/ntp.py\", line 134, in do_sync_time\n    .format(self.report_not_synchronized(ntps)))\nTimeoutError: Time on nodes was not set with 'ntpdate':\n[(u'slave-04', ['Tue Jul  5 05:49:35 UTC 2016\\n'])]"}}]}, "job_url": "https://product-ci.infra.mirantis.net/job/9.0.system_test.ubuntu.thread_3/163/", "job_status": "FAILURE", "build_number": 163, "job_name": "9.0.system_test.ubuntu.thread_3", "job_description": "thread_3 on 9.0-mos-567"}, "abort": false, "phaseName": "Run system tests", "duration": "4 hr 39 min", "failure_reasons": [{"job_status": "FAILURE", "failure": "error___type___devops.error.TimeoutError___message___Time on nodes was not set with 'ntpdate':\n[(u'slave-x', ['Tue Jul  x x:x:x UTC x\\n'])]", "job_url": "https://product-ci.infra.mirantis.net/job/9.0.system_test.ubuntu.thread_3/163/", "build_number": 163, "test": "ceph_ha_restart", "test_fail_url": "https://product-ci.infra.mirantis.net/job/9.0.system_test.ubuntu.thread_3/163/testReport/(root)/ceph_ha_restart/ceph_ha_restart", "failure_origin": "error___type___devops.error.TimeoutError___message___Time on nodes was not set with 'ntpdate':\n[(u'slave-04', ['Tue Jul  5 05:49:35 UTC 2016\\n'])]", "job_name": "9.0.system_test.ubuntu.thread_3"}], "icon": "red.png"}, {"result": "SUCCESS", "retry": false, "parentJobName": "9.0.swarm.runner", "url": "job/9.0.system_test.ubuntu.repeatable_image_based/162/", "parentBuildNumber": 160, "description": "repeatable_image_based on 9.0-mos-567", "jobName": "9.0.system_test.ubuntu.repeatable_image_based", "buildNumber": 162, "test_data": {"testsuite": {"@name": "nosetests", "@tests": "4", "@errors": "0", "@failures": "0", "@skip": "0", "testcase": [{"@classname": "setup_master", "@name": "setup_master", "@time": "1403.844"}, {"@classname": "prepare_release", "@name": "prepare_release", "@time": "87.782"}, {"@classname": "prepare_slaves_5", "@name": "prepare_slaves_5", "@time": "346.077"}, {"@classname": "repeatable_image_based", "@name": "repeatable_image_based", "@time": "13215.307"}]}, "job_url": "https://product-ci.infra.mirantis.net/job/9.0.system_test.ubuntu.repeatable_image_based/162/", "job_status": "SUCCESS", "build_number": 162, "job_name": "9.0.system_test.ubuntu.repeatable_image_based", "job_description": "repeatable_image_based on 9.0-mos-567"}, "abort": false, "phaseName": "Run system tests", "duration": "4 hr 11 min", "failure_reasons": [], "icon": "blue.png"}, {"result": "SUCCESS", "retry": false, "parentJobName": "9.0.swarm.runner", "url": "job/9.0.system_test.ubuntu.test_ibp/38/", "parentBuildNumber": 160, "description": "test_ibp on 9.0-mos-567", "jobName": "9.0.system_test.ubuntu.test_ibp", "buildNumber": 38, "test_data": {"testsuite": {"@name": "nosetests", "@tests": "7", "@errors": "0", "@failures": "0", "@skip": "0", "testcase": [{"@classname": "setup_master", "@name": "setup_master", "@time": "1114.515"}, {"@classname": "prepare_release", "@name": "prepare_release", "@time": "67.470"}, {"@classname": "prepare_slaves_1", "@name": "prepare_slaves_1", "@time": "169.381"}, {"@classname": "check_ibp_add_package", "@name": "check_ibp_add_package", "@time": "886.197"}, {"@classname": "check_ibp_add_wrong_package", "@name": "check_ibp_add_wrong_package", "@time": "504.210"}, {"@classname": "check_ibp_default_package_list", "@name": "check_ibp_default_package_list", "@time": "706.448"}, {"@classname": "check_ibp_remove_package", "@name": "check_ibp_remove_package", "@time": "772.045"}]}, "job_url": "https://product-ci.infra.mirantis.net/job/9.0.system_test.ubuntu.test_ibp/38/", "job_status": "SUCCESS", "build_number": 38, "job_name": "9.0.system_test.ubuntu.test_ibp", "job_description": "test_ibp on 9.0-mos-567"}, "abort": false, "phaseName": "Run system tests", "duration": "1 hr 10 min", "failure_reasons": [], "icon": "blue.png"}, {"result": "SUCCESS", "retry": false, "parentJobName": "9.0.swarm.runner", "url": "job/9.0.system_test.ubuntu.fuel_master_migrate/159/", "parentBuildNumber": 160, "description": "fuel_master_migrate on 9.0-mos-567", "jobName": "9.0.system_test.ubuntu.fuel_master_migrate", "buildNumber": 159, "test_data": {"testsuite": {"@name": "nosetests", "@tests": "30", "@errors": "0", "@failures": "0", "@skip": "3", "testcase": [{"@classname": "Case_FuelMasterMigrate__Config_1ctrl_1comp_neutronVLAN", "@name": "StartCase", "@time": "0.007"}, {"@classname": "Case_FuelMasterMigrate__Config_1ctrl_1comp_neutronVLAN", "@name": "Step000_setup_master", "@time": "1407.023"}, {"@classname": "Case_FuelMasterMigrate__Config_1ctrl_1comp_neutronVLAN", "@name": "Step001_config_release", "@time": "62.111"}, {"@classname": "Case_FuelMasterMigrate__Config_1ctrl_1comp_neutronVLAN", "@name": "Step002_make_slaves", "@time": "178.340"}, {"@classname": "Case_FuelMasterMigrate__Config_1ctrl_1comp_neutronVLAN", "@name": "Step003_revert_slaves", "@time": "121.332"}, {"@classname": "Case_FuelMasterMigrate__Config_1ctrl_1comp_neutronVLAN", "@name": "Step004_create_env", "@time": "8.448"}, {"@classname": "Case_FuelMasterMigrate__Config_1ctrl_1comp_neutronVLAN", "@name": "Step005_add_nodes", "@time": "1.016"}, {"@classname": "Case_FuelMasterMigrate__Config_1ctrl_1comp_neutronVLAN", "@name": "Step006_network_check", "@time": "50.579"}, {"@classname": "Case_FuelMasterMigrate__Config_1ctrl_1comp_neutronVLAN", "@name": "Step007_deploy_cluster", "@time": "2509.235"}, {"@classname": "Case_FuelMasterMigrate__Config_1ctrl_1comp_neutronVLAN", "@name": "Step008_network_check", "@time": "50.646"}, {"@classname": "Case_FuelMasterMigrate__Config_1ctrl_1comp_neutronVLAN", "@name": "Step009_start_fuel_migration", "@time": "0.569"}, {"@classname": "Case_FuelMasterMigrate__Config_1ctrl_1comp_neutronVLAN", "@name": "Step010_check_migration_status", "@time": "1020.641"}, {"@classname": "Case_FuelMasterMigrate__Config_1ctrl_1comp_neutronVLAN", "@name": "Step011_network_check", "@time": "51.363"}, {"@classname": "Case_FuelMasterMigrate__Config_1ctrl_1comp_neutronVLAN", "@name": "Step012_health_check", "@time": "304.239"}, {"@classname": "Case_FuelMasterMigrate__Config_1ctrl_1comp_neutronVLAN", "@name": "FinishCase", "@time": "0.000"}, {"@classname": "Case_FuelMasterMigrate__Config_1ctrl_1comp_neutronTUN", "@name": "StartCase", "@time": "0.012"}, {"@classname": "Case_FuelMasterMigrate__Config_1ctrl_1comp_neutronTUN", "@name": "Step000_setup_master", "@time": "0.020", "skipped": {"@type": "unittest.case.SkipTest", "@message": "", "#text": "SkipTest"}}, {"@classname": "Case_FuelMasterMigrate__Config_1ctrl_1comp_neutronTUN", "@name": "Step001_config_release", "@time": "0.020", "skipped": {"@type": "unittest.case.SkipTest", "@message": "", "#text": "SkipTest"}}, {"@classname": "Case_FuelMasterMigrate__Config_1ctrl_1comp_neutronTUN", "@name": "Step002_make_slaves", "@time": "0.020", "skipped": {"@type": "unittest.case.SkipTest", "@message": "", "#text": "SkipTest"}}, {"@classname": "Case_FuelMasterMigrate__Config_1ctrl_1comp_neutronTUN", "@name": "Step003_revert_slaves", "@time": "141.311"}, {"@classname": "Case_FuelMasterMigrate__Config_1ctrl_1comp_neutronTUN", "@name": "Step004_create_env", "@time": "8.412"}, {"@classname": "Case_FuelMasterMigrate__Config_1ctrl_1comp_neutronTUN", "@name": "Step005_add_nodes", "@time": "1.159"}, {"@classname": "Case_FuelMasterMigrate__Config_1ctrl_1comp_neutronTUN", "@name": "Step006_network_check", "@time": "50.648"}, {"@classname": "Case_FuelMasterMigrate__Config_1ctrl_1comp_neutronTUN", "@name": "Step007_deploy_cluster", "@time": "2478.909"}, {"@classname": "Case_FuelMasterMigrate__Config_1ctrl_1comp_neutronTUN", "@name": "Step008_network_check", "@time": "50.606"}, {"@classname": "Case_FuelMasterMigrate__Config_1ctrl_1comp_neutronTUN", "@name": "Step009_start_fuel_migration", "@time": "0.596"}, {"@classname": "Case_FuelMasterMigrate__Config_1ctrl_1comp_neutronTUN", "@name": "Step010_check_migration_status", "@time": "1014.182"}, {"@classname": "Case_FuelMasterMigrate__Config_1ctrl_1comp_neutronTUN", "@name": "Step011_network_check", "@time": "50.928"}, {"@classname": "Case_FuelMasterMigrate__Config_1ctrl_1comp_neutronTUN", "@name": "Step012_health_check", "@time": "289.000"}, {"@classname": "Case_FuelMasterMigrate__Config_1ctrl_1comp_neutronTUN", "@name": "FinishCase", "@time": "0.000"}]}, "job_url": "https://product-ci.infra.mirantis.net/job/9.0.system_test.ubuntu.fuel_master_migrate/159/", "job_status": "SUCCESS", "build_number": 159, "job_name": "9.0.system_test.ubuntu.fuel_master_migrate", "job_description": "fuel_master_migrate on 9.0-mos-567"}, "abort": false, "phaseName": "Run system tests", "duration": "2 hr 44 min", "failure_reasons": [{"job_status": "SUCCESS", "failure": "skipped___type___unittest.case.SkipTest___message___", "job_url": "https://product-ci.infra.mirantis.net/job/9.0.system_test.ubuntu.fuel_master_migrate/159/", "build_number": 159, "test": "Case_FuelMasterMigrate__Config_1ctrl_1comp_neutronTUN", "test_fail_url": "https://product-ci.infra.mirantis.net/job/9.0.system_test.ubuntu.fuel_master_migrate/159/testReport/(root)/Case_FuelMasterMigrate__Config_1ctrl_1comp_neutronTUN/Step000_setup_master", "failure_origin": "skipped___type___unittest.case.SkipTest___message___", "job_name": "9.0.system_test.ubuntu.fuel_master_migrate"}, {"job_status": "SUCCESS", "failure": "skipped___type___unittest.case.SkipTest___message___", "job_url": "https://product-ci.infra.mirantis.net/job/9.0.system_test.ubuntu.fuel_master_migrate/159/", "build_number": 159, "test": "Case_FuelMasterMigrate__Config_1ctrl_1comp_neutronTUN", "test_fail_url": "https://product-ci.infra.mirantis.net/job/9.0.system_test.ubuntu.fuel_master_migrate/159/testReport/(root)/Case_FuelMasterMigrate__Config_1ctrl_1comp_neutronTUN/Step001_config_release", "failure_origin": "skipped___type___unittest.case.SkipTest___message___", "job_name": "9.0.system_test.ubuntu.fuel_master_migrate"}, {"job_status": "SUCCESS", "failure": "skipped___type___unittest.case.SkipTest___message___", "job_url": "https://product-ci.infra.mirantis.net/job/9.0.system_test.ubuntu.fuel_master_migrate/159/", "build_number": 159, "test": "Case_FuelMasterMigrate__Config_1ctrl_1comp_neutronTUN", "test_fail_url": "https://product-ci.infra.mirantis.net/job/9.0.system_test.ubuntu.fuel_master_migrate/159/testReport/(root)/Case_FuelMasterMigrate__Config_1ctrl_1comp_neutronTUN/Step002_make_slaves", "failure_origin": "skipped___type___unittest.case.SkipTest___message___", "job_name": "9.0.system_test.ubuntu.fuel_master_migrate"}], "icon": "blue.png"}, {"result": "SUCCESS", "retry": false, "parentJobName": "9.0.swarm.runner", "url": "job/9.0.system_test.ubuntu.support_hugepages/43/", "parentBuildNumber": 160, "description": "support_hugepages on 9.0-mos-567", "jobName": "9.0.system_test.ubuntu.support_hugepages", "buildNumber": 43, "test_data": {"testsuite": {"@name": "nosetests", "@tests": "11", "@errors": "0", "@failures": "0", "@skip": "0", "testcase": [{"@classname": "setup_master", "@name": "setup_master", "@time": "1360.059"}, {"@classname": "prepare_release", "@name": "prepare_release", "@time": "81.489"}, {"@classname": "prepare_slaves_5", "@name": "prepare_slaves_5", "@time": "323.735"}, {"@classname": "basic_env_for_hugepages", "@name": "basic_env_for_hugepages", "@time": "287.051"}, {"@classname": "check_hugepages_distribution_per_numa", "@name": "check_hugepages_distribution_per_numa", "@time": "3155.279"}, {"@classname": "check_hugepages_after_reboot", "@name": "check_hugepages_after_reboot", "@time": "731.898"}, {"@classname": "check_instance_one_gb_page_size_mixed_size_host", "@name": "check_instance_one_gb_page_size_mixed_size_host", "@time": "373.499"}, {"@classname": "check_instance_one_gb_page_size_one_gb_host", "@name": "check_instance_one_gb_page_size_one_gb_host", "@time": "366.667"}, {"@classname": "check_instance_two_mb_page_size_mixed_role_host", "@name": "check_instance_two_mb_page_size_mixed_role_host", "@time": "397.187"}, {"@classname": "check_instance_two_mb_page_size_mixed_size_host", "@name": "check_instance_two_mb_page_size_mixed_size_host", "@time": "363.283"}, {"@classname": "check_instance_two_mb_page_size_two_mb_host", "@name": "check_instance_two_mb_page_size_two_mb_host", "@time": "355.784"}]}, "job_url": "https://product-ci.infra.mirantis.net/job/9.0.system_test.ubuntu.support_hugepages/43/", "job_status": "SUCCESS", "build_number": 43, "job_name": "9.0.system_test.ubuntu.support_hugepages", "job_description": "support_hugepages on 9.0-mos-567"}, "abort": false, "phaseName": "Run system tests", "duration": "2 hr 10 min", "failure_reasons": [], "icon": "blue.png"}]